2026-04-26 08:00:00 [dart-backfill] Job started
Planned periods: 2018Q2, 2018Q1, 2017Q4, 2017Q3, 2017Q2, 2017Q1, 2016Q4
State file: /Users/myunghoon/my-stock-scheduler/scripts/output/dart_financials_backfill_state.json

=== Running 2018Q2 ===
Command: /Users/myunghoon/my-stock-scheduler/.venv/bin/python3 /Users/myunghoon/my-stock-scheduler/scripts/export_dart_financials_by_account_id.py --api-limit 9500 --sleep 0.2 --fs-div-mode all --markets KOSPI KOSDAQ --year 2018 --quarter 2
[1/3661] 동화약품(000020) - 저장 보류, 검증 실패 1개
[2/3661] KR모터스(000040) - 저장 보류, 검증 실패 1개
[3/3661] 경방(000050) - 저장 보류, 검증 실패 1개
[4/3661] 삼양홀딩스(000070) - 저장 보류, 검증 실패 1개
[5/3661] 하이트진로(000080) - 저장 보류, 검증 실패 1개
[6/3661] TIGER 엔비디아미국채커버드콜밸런스(합성)(0000D0) - corp_code 없음
[7/3661] KODEX 인도Nifty미드캡100(0000H0) - corp_code 없음
[8/3661] PLUS 한화그룹주(0000J0) - corp_code 없음
[9/3661] HK 26-12 회사채(AA-이상)액티브(0000Y0) - corp_code 없음
[10/3661] RISE 바이오TOP10액티브(0000Z0) - corp_code 없음
[11/3661] 유한양행(000100) - 저장 보류, 검증 실패 1개
[12/3661] CJ대한통운(000120) - 저장 보류, 검증 실패 1개
[13/3661] 하이트진로홀딩스(000140) - 저장 보류, 검증 실패 1개
[14/3661] 두산(000150) - 저장 보류, 검증 실패 1개
[15/3661] 성창기업지주(000180) - 저장 보류, 검증 실패 1개
[16/3661] 덕양에너젠(0001A0) - DART 데이터 없음
[17/3661] 마이티 바이오시밀러&CDMO액티브(0001P0) - corp_code 없음
[18/3661] TIGER 26-04 회사채(A+이상)액티브(0001S0) - corp_code 없음
[19/3661] DL(000210) - 저장 보류, 검증 실패 1개
[20/3661] 유유제약(000220) - 저장 보류, 검증 실패 1개
[21/3661] 일동홀딩스(000230) - 저장 보류, 검증 실패 1개
[22/3661] 한국앤컴퍼니(000240) - 저장 보류, 검증 실패 1개
[23/3661] 삼천당제약(000250) - 저장 보류, 검증 실패 1개
[24/3661] 기아(000270) - 저장 보류, 검증 실패 1개
[25/3661] 에셋플러스 인도일등기업포커스20액티브(0002C0) - corp_code 없음
[26/3661] DH오토넥스(000300) - 저장 보류, 검증 실패 1개
[27/3661] 노루홀딩스(000320) - 저장 보류, 검증 실패 1개
[28/3661] 한화손해보험(000370) - DART 데이터 없음
[29/3661] 삼화페인트(000390) - 저장 보류, 검증 실패 1개
[30/3661] 롯데손해보험(000400) - DART 데이터 없음
[31/3661] 대원강업(000430) - 저장 보류, 검증 실패 1개
[32/3661] 중앙에너비스(000440) - 저장 보류, 검증 실패 1개
[33/3661] CR홀딩스(000480) - 저장 보류, 검증 실패 1개
[34/3661] 대동(000490) - 저장 보류, 검증 실패 1개
[35/3661] 1Q 미국배당TOP30(0004G0) - corp_code 없음
[36/3661] 엔비알모션(0004V0) - DART 데이터 없음
[37/3661] 가온전선(000500) - 저장 보류, 검증 실패 1개
[38/3661] 삼일제약(000520) - 저장 보류, 검증 실패 1개
[39/3661] 흥국화재(000540) - DART 데이터 없음
[40/3661] CS홀딩스(000590) - 저장 보류, 검증 실패 1개
[41/3661] KODEX 미국S&P500데일리커버드콜OTM(0005A0) - corp_code 없음
[42/3661] RISE 미국S&P500엔화노출(합성 H)(0005C0) - corp_code 없음
[43/3661] SOL 전고체배터리&실리콘음극재(0005D0) - corp_code 없음
[44/3661] ITF K-AI반도체코어테크(0005G0) - corp_code 없음
[45/3661] 동아쏘시오홀딩스(000640) - 저장 보류, 검증 실패 1개
[46/3661] 천일고속(000650) - 저장 보류, 검증 실패 1개
[47/3661] SK하이닉스(000660) - 저장 보류, 검증 실패 1개
[48/3661] 영풍(000670) - 저장 보류, 검증 실패 1개
[49/3661] LS네트웍스(000680) - 저장 보류, 검증 실패 1개
[50/3661] 유수홀딩스(000700) - 저장 보류, 검증 실패 1개
[51/3661] 현대건설(000720) - 저장 보류, 검증 실패 1개
[52/3661] 이화산업(000760) - 저장 보류, 검증 실패 1개
[53/3661] 아크릴(0007C0) - DART 데이터 없음
[54/3661] KODEX 27-12 회사채(AA-이상)액티브(0007F0) - corp_code 없음
[55/3661] PLUS 글로벌원자력밸류체인(0007G0) - corp_code 없음
[56/3661] 인벤테라(0007J0) - DART 데이터 없음
[57/3661] 아이엠에셋 200(0007N0) - corp_code 없음
[58/3661] 삼성화재(000810) - DART 데이터 없음
[59/3661] 화천기공(000850) - 저장 보류, 검증 실패 1개
[60/3661] 강남제비스코(000860) - 저장 보류, 검증 실패 1개
[61/3661] 한화(000880) - 저장 보류, 검증 실패 1개
[62/3661] 보해양조(000890) - 저장 보류, 검증 실패 1개
[63/3661] ACE 미국중심중소형제조업(0008E0) - corp_code 없음
[64/3661] TIGER 미국배당다우존스타겟데일리커버드콜(0008S0) - corp_code 없음
[65/3661] SOL 화장품TOP3플러스(0008T0) - corp_code 없음
[66/3661] 에스엔시스(0008Z0) - DART 데이터 없음
[67/3661] 유니온(000910) - 저장 보류, 검증 실패 1개
[68/3661] 전방(000950) - 저장 보류, 검증 실패 1개
[69/3661] 한국주철관(000970) - 저장 보류, 검증 실패 1개
[70/3661] DB하이텍(000990) - 저장 보류, 검증 실패 1개
[71/3661] 에임드바이오(0009K0) - DART 데이터 없음
[72/3661] 신라섬유(001000) - 저장 보류, 검증 실패 1개
[73/3661] 페이퍼코리아(001020) - 저장 보류, 검증 실패 1개
[74/3661] CJ(001040) - 저장 보류, 검증 실패 1개
[75/3661] JW중외제약(001060) - 저장 보류, 검증 실패 1개
[76/3661] 대한방직(001070) - 저장 보류, 검증 실패 1개
[77/3661] 만호제강(001080) - 저장 보류, 검증 실패 1개
[78/3661] ACE FTSE WGBI Korea(0010E0) - corp_code 없음
[79/3661] 보원케미칼(0010F0) - DART 데이터 없음
[80/3661] 제이피아이헬스케어(0010V0) - DART 데이터 없음
[81/3661] LX인터내셔널(001120) - 저장 보류, 검증 실패 1개
[82/3661] 대한제분(001130) - 저장 보류, 검증 실패 1개
[83/3661] 국보(001140) - 저장 보류, 검증 실패 1개
[84/3661] 액스비스(0011A0) - DART 데이터 없음
[85/3661] 유진투자증권(001200) - DART 데이터 없음
[86/3661] 금호전기(001210) - 저장 보류, 검증 실패 1개
[87/3661] 동국홀딩스(001230) - 저장 보류, 검증 실패 1개
[88/3661] GS글로벌(001250) - 저장 보류, 검증 실패 1개
[89/3661] 남광토건(001260) - 저장 보류, 검증 실패 1개
[90/3661] 부국증권(001270) - DART 데이터 없음
[91/3661] 상상인증권(001290) - DART 데이터 없음
[92/3661] PKC(001340) - 저장 보류, 검증 실패 1개
[93/3661] 삼성제약(001360) - 저장 보류, 검증 실패 1개
[94/3661] SG글로벌(001380) - 저장 보류, 검증 실패 1개
[95/3661] KG케미칼(001390) - 저장 보류, 검증 실패 1개
[96/3661] RISE 미국은행TOP10(0013P0) - corp_code 없음
[97/3661] RISE 테슬라미국채타겟커버드콜혼합(합성)(0013R0) - corp_code 없음
[98/3661] 삼진식품(0013V0) - DART 데이터 없음
[99/3661] 태원물산(001420) - 저장 보류, 검증 실패 1개
[100/3661] 세아베스틸지주(001430) - 저장 보류, 검증 실패 1개
[101/3661] 대한전선(001440) - 저장 보류, 검증 실패 1개
[102/3661] 현대해상(001450) - DART 데이터 없음
[103/3661] BYC(001460) - 저장 보류, 검증 실패 1개
[104/3661] 삼부토건(001470) - 저장 보류, 검증 실패 1개
[105/3661] 현대차증권(001500) - DART 데이터 없음
[106/3661] SK증권(001510) - DART 데이터 없음
[107/3661] 동양(001520) - 저장 보류, 검증 실패 1개
[108/3661] DI동일(001530) - 저장 보류, 검증 실패 1개
[109/3661] 안국약품(001540) - 저장 보류, 검증 실패 1개
[110/3661] 조비(001550) - 저장 보류, 검증 실패 1개
[111/3661] 제일연마(001560) - 저장 보류, 검증 실패 1개
[112/3661] 금양(001570) - 저장 보류, 검증 실패 1개
[113/3661] KoAct 미국나스닥성장기업액티브(0015B0) - corp_code 없음
[114/3661] KIWOOM 엔비디아미국30년국채혼합액티브(H)(0015E0) - corp_code 없음
[115/3661] KIWOOM 팔란티어미국30년국채혼합액티브(H)(0015F0) - corp_code 없음
[116/3661] 그린광학(0015G0) - DART 데이터 없음
[117/3661] TIGER 미국소비트렌드액티브(0015K0) - corp_code 없음
[118/3661] 아로마티카(0015N0) - DART 데이터 없음
[119/3661] 페스카로(0015S0) - DART 데이터 없음
[120/3661] 케이비아이동국실업(001620) - 저장 보류, 검증 실패 1개
[121/3661] 종근당홀딩스(001630) - 저장 보류, 검증 실패 1개
[122/3661] 대상(001680) - 저장 보류, 검증 실패 1개
[123/3661] SOL 중단기회사채(A-이상)액티브(0016X0) - corp_code 없음
[124/3661] 신영증권(001720) - DART 데이터 없음
[125/3661] SK네트웍스(001740) - 저장 보류, 검증 실패 1개
[126/3661] 한양증권(001750) - DART 데이터 없음
[127/3661] SHD(001770) - 저장 보류, 검증 실패 1개
[128/3661] 알루코(001780) - 저장 보류, 검증 실패 1개
[129/3661] 대한제당(001790) - 저장 보류, 검증 실패 1개
[130/3661] 1Q 종합채권(AA-이상)액티브(0017Y0) - corp_code 없음
[131/3661] 오리온홀딩스(001800) - 저장 보류, 검증 실패 1개
[132/3661] 무림SP(001810) - 저장 보류, 검증 실패 1개
[133/3661] 삼화콘덴서(001820) - 저장 보류, 검증 실패 1개
[134/3661] 이화공영(001840) - 저장 보류, 검증 실패 1개
[135/3661] PLUS 고배당주위클리고정커버드콜(0018C0) - corp_code 없음
[136/3661] RISE 미국양자컴퓨팅(0018Z0) - corp_code 없음
[137/3661] KISCO홀딩스(001940) - 저장 보류, 검증 실패 1개
[138/3661] TIMEFOLIO 미국나스닥100채권혼합50액티브(0019K0) - corp_code 없음
[139/3661] 코오롱(002020) - 저장 보류, 검증 실패 1개
[140/3661] 아세아(002030) - 저장 보류, 검증 실패 1개
[141/3661] 비비안(002070) - 저장 보류, 검증 실패 1개
[142/3661] KoAct 글로벌양자컴퓨팅액티브(0020H0) - corp_code 없음
[143/3661] 경농(002100) - 저장 보류, 검증 실패 1개
[144/3661] 고려산업(002140) - 저장 보류, 검증 실패 1개
[145/3661] 도화엔지니어링(002150) - 저장 보류, 검증 실패 1개
[146/3661] SYTS(002170) - 저장 보류, 검증 실패 1개
[147/3661] ACE 장기자산배분액티브(0021C0) - corp_code 없음
[148/3661] ACE TDF2030액티브(0021D0) - corp_code 없음
[149/3661] ACE TDF2050액티브(0021E0) - corp_code 없음
[150/3661] 한국수출포장(002200) - 저장 보류, 검증 실패 1개
[151/3661] 동성제약(002210) - 저장 보류, 검증 실패 1개
[152/3661] 한일철강(002220) - 저장 보류, 검증 실패 1개
[153/3661] 피에스텍(002230) - 저장 보류, 검증 실패 1개
[154/3661] 고려제강(002240) - 저장 보류, 검증 실패 1개
[155/3661] 삼일기업공사(002290) - 저장 보류, 검증 실패 1개
[156/3661] SOL 국제금커버드콜액티브(0022T0) - corp_code 없음
[157/3661] 아세아제지(002310) - 저장 보류, 검증 실패 1개
[158/3661] 한진(002320) - 저장 보류, 검증 실패 1개
[159/3661] 넥센타이어(002350) - 저장 보류, 검증 실패 1개
[160/3661] SH에너지화학(002360) - 저장 보류, 검증 실패 1개
[161/3661] KCC(002380) - 저장 보류, 검증 실패 1개
[162/3661] 한독(002390) - 저장 보류, 검증 실패 1개
[163/3661] SOL 미국양자컴퓨팅TOP10(0023A0) - corp_code 없음
[164/3661] PLUS 미국양자컴퓨팅TOP10(0023B0) - corp_code 없음
[165/3661] 범양건영(002410) - 저장 보류, 검증 실패 1개
[166/3661] 세기상사(002420) - 저장 보류, 검증 실패 1개
[167/3661] 삼익악기(002450) - 저장 보류, 검증 실패 1개
[168/3661] HS화성(002460) - 저장 보류, 검증 실패 1개
[169/3661] TIGER TDF2045(0025N0) - corp_code 없음
[170/3661] 조흥(002600) - 저장 보류, 검증 실패 1개
[171/3661] 제일파마홀딩스(002620) - 저장 보류, 검증 실패 1개
[172/3661] 오리엔트바이오(002630) - 저장 보류, 검증 실패 1개
[173/3661] 한탑(002680) - 저장 보류, 검증 실패 1개
[174/3661] 동일제강(002690) - 저장 보류, 검증 실패 1개
[175/3661] KODEX 미국S&P500버퍼3월액티브(0026E0) - corp_code 없음
[176/3661] 1Q 미국S&P500(0026S0) - corp_code 없음
[177/3661] 신일전자(002700) - 저장 보류, 검증 실패 1개
[178/3661] TCC스틸(002710) - 저장 보류, 검증 실패 1개
[179/3661] 국제약품(002720) - 저장 보류, 검증 실패 1개
[180/3661] 보락(002760) - 저장 보류, 검증 실패 1개
[181/3661] 진흥기업(002780) - 저장 보류, 검증 실패 1개
[182/3661] 아모레퍼시픽홀딩스(002790) - 저장 보류, 검증 실패 1개
[183/3661] 신신제약(002800) - 저장 보류, 검증 실패 1개
[184/3661] 삼영무역(002810) - 저장 보류, 검증 실패 1개
[185/3661] SUN&L(002820) - 저장 보류, 검증 실패 1개
[186/3661] 미원상사(002840) - 저장 보류, 검증 실패 1개
[187/3661] 신풍(002870) - 저장 보류, 검증 실패 1개
[188/3661] 디와이에이(002880) - 저장 보류, 검증 실패 1개
[189/3661] KODEX 미국금융테크액티브(0028X0) - corp_code 없음
[190/3661] TYM(002900) - 저장 보류, 검증 실패 1개
[191/3661] 유성기업(002920) - 저장 보류, 검증 실패 1개
[192/3661] 한국쉘석유(002960) - 저장 보류, 검증 실패 1개
[193/3661] 금호건설(002990) - 저장 보류, 검증 실패 1개
[194/3661] 부광약품(003000) - 저장 보류, 검증 실패 1개
[195/3661] 혜인(003010) - 저장 보류, 검증 실패 1개
[196/3661] 세아제강지주(003030) - 저장 보류, 검증 실패 1개
[197/3661] 에이프로젠바이오로직스(003060) - 저장 보류, 검증 실패 1개
[198/3661] 코오롱글로벌(003070) - 저장 보류, 검증 실패 1개
[199/3661] SB성보(003080) - 저장 보류, 검증 실패 1개
[200/3661] 대웅(003090) - 저장 보류, 검증 실패 1개
[201/3661] 대신밸류리츠(0030R0) - DART 데이터 없음
[202/3661] 선광(003100) - 저장 보류, 검증 실패 1개
[203/3661] 일성아이에스(003120) - 저장 보류, 검증 실패 1개
[204/3661] 디아이(003160) - 저장 보류, 검증 실패 1개
[205/3661] 일신방직(003200) - 저장 보류, 검증 실패 1개
[206/3661] 대원제약(003220) - 저장 보류, 검증 실패 1개
[207/3661] 삼양식품(003230) - 저장 보류, 검증 실패 1개
[208/3661] 태광산업(003240) - 저장 보류, 검증 실패 1개
[209/3661] 흥아해운(003280) - 저장 보류, 검증 실패 1개
[210/3661] 한일홀딩스(003300) - 저장 보류, 검증 실패 1개
[211/3661] 대주산업(003310) - 저장 보류, 검증 실패 1개
[212/3661] 한국화장품제조(003350) - 저장 보류, 검증 실패 1개
[213/3661] 하림지주(003380) - 저장 보류, 검증 실패 1개
[214/3661] 유화증권(003460) - DART 데이터 없음
[215/3661] 유안타증권(003470) - DART 데이터 없음
[216/3661] 한진중공업홀딩스(003480) - 저장 보류, 검증 실패 1개
[217/3661] 대한항공(003490) - 저장 보류, 검증 실패 1개
[218/3661] 영진약품(003520) - 저장 보류, 검증 실패 1개
[219/3661] 한화투자증권(003530) - DART 데이터 없음
[220/3661] 대신증권(003540) - DART 데이터 없음
[221/3661] LG(003550) - 저장 보류, 검증 실패 1개
[222/3661] IHQ(003560) - 저장 보류, 검증 실패 1개
[223/3661] SNT다이내믹스(003570) - 저장 보류, 검증 실패 1개
[224/3661] HLB글로벌(003580) - 저장 보류, 검증 실패 1개
[225/3661] PLUS 글로벌휴머노이드로봇액티브(0035T0) - corp_code 없음
[226/3661] 방림(003610) - DART 데이터 없음
[227/3661] KG모빌리티(003620) - 저장 보류, 검증 실패 1개
[228/3661] 미창석유(003650) - 저장 보류, 검증 실패 1개
[229/3661] 포스코퓨처엠(003670) - 저장 보류, 검증 실패 1개
[230/3661] 한성기업(003680) - 저장 보류, 검증 실패 1개
[231/3661] 코리안리(003690) - DART 데이터 없음
[232/3661] TIMEFOLIO 미국배당다우존스액티브(0036D0) - corp_code 없음
[233/3661] RISE 미국휴머노이드로봇(0036R0) - corp_code 없음
[234/3661] RISE 미국천연가스밸류체인(0036Z0) - corp_code 없음
[235/3661] 삼영(003720) - 저장 보류, 검증 실패 1개
[236/3661] 진양산업(003780) - 저장 보류, 검증 실패 1개
[237/3661] 에이스침대(003800) - 저장 보류, 검증 실패 1개
[238/3661] 대한화섬(003830) - 저장 보류, 검증 실패 1개
[239/3661] 보령(003850) - 저장 보류, 검증 실패 1개
[240/3661] KODEX 미국휴머노이드로봇(0038A0) - corp_code 없음
[241/3661] 남양유업(003920) - 저장 보류, 검증 실패 1개
[242/3661] 사조대림(003960) - 저장 보류, 검증 실패 1개
[243/3661] 롯데정밀화학(004000) - 저장 보류, 검증 실패 1개
[244/3661] 현대제철(004020) - 저장 보류, 검증 실패 1개
[245/3661] SG세계물산(004060) - 저장 보류, 검증 실패 1개
[246/3661] 신흥(004080) - 저장 보류, 검증 실패 1개
[247/3661] 한국석유(004090) - 저장 보류, 검증 실패 1개
[248/3661] HANARO 글로벌피지컬AI액티브(0040S0) - corp_code 없음
[249/3661] SOL 팔란티어미국채커버드콜혼합(0040X0) - corp_code 없음
[250/3661] SOL 팔란티어커버드콜OTM채권혼합(0040Y0) - corp_code 없음
[251/3661] 태양금속(004100) - 저장 보류, 검증 실패 1개
[252/3661] 동방(004140) - 저장 보류, 검증 실패 1개
[253/3661] 한솔홀딩스(004150) - 저장 보류, 검증 실패 1개
[254/3661] 신세계(004170) - 저장 보류, 검증 실패 1개
[255/3661] KODEX 미국AI소프트웨어TOP10(0041D0) - corp_code 없음
[256/3661] KODEX 미국S&P500액티브(0041E0) - corp_code 없음
[257/3661] NPC(004250) - 저장 보류, 검증 실패 1개
[258/3661] 남성(004270) - 저장 보류, 검증 실패 1개
[259/3661] 현대약품(004310) - 저장 보류, 검증 실패 1개
[260/3661] 세방(004360) - 저장 보류, 검증 실패 1개
[261/3661] 농심(004370) - 저장 보류, 검증 실패 1개
[262/3661] 삼익THK(004380) - 저장 보류, 검증 실패 1개
[263/3661] TIGER 머니마켓액티브(0043B0) - corp_code 없음
[264/3661] TIMEFOLIO 차이나AI테크액티브(0043Y0) - corp_code 없음
[265/3661] 서울식품(004410) - 저장 보류, 검증 실패 1개
[266/3661] 송원산업(004430) - 저장 보류, 검증 실패 1개
[267/3661] 삼일씨엔에스(004440) - 저장 보류, 검증 실패 1개
[268/3661] 삼화왕관(004450) - 저장 보류, 검증 실패 1개
[269/3661] 세방전지(004490) - 저장 보류, 검증 실패 1개
[270/3661] 깨끗한나라(004540) - 저장 보류, 검증 실패 1개
[271/3661] 현대비앤지스틸(004560) - 저장 보류, 검증 실패 1개
[272/3661] 한국가구(004590) - 저장 보류, 검증 실패 1개
[273/3661] 창해에탄올(004650) - 저장 보류, 검증 실패 1개
[274/3661] 삼천리(004690) - 저장 보류, 검증 실패 1개
[275/3661] TIGER 미국초단기(3개월이하)국채(0046A0) - corp_code 없음
[276/3661] ACE 미국배당퀄리티(0046Y0) - corp_code 없음
[277/3661] 조광피혁(004700) - DART 데이터 없음
[278/3661] 한솔테크닉스(004710) - 저장 보류, 검증 실패 1개
[279/3661] 팜젠사이언스(004720) - 저장 보류, 검증 실패 1개
[280/3661] 써니전자(004770) - 저장 보류, 검증 실패 1개
[281/3661] 대륙제관(004780) - 저장 보류, 검증 실패 1개
[282/3661] TIGER 차이나테크TOP10(0047A0) - corp_code 없음
[283/3661] PLUS 차이나AI테크TOP10(0047N0) - corp_code 없음
[284/3661] RISE 테슬라고정테크100(0047P0) - corp_code 없음
[285/3661] RISE 팔란티어고정테크100(0047R0) - corp_code 없음
[286/3661] 효성(004800) - 저장 보류, 검증 실패 1개
[287/3661] 덕성(004830) - 저장 보류, 검증 실패 1개
[288/3661] DRB동일(004840) - 저장 보류, 검증 실패 1개
[289/3661] 티웨이홀딩스(004870) - 저장 보류, 검증 실패 1개
[290/3661] 동일산업(004890) - 저장 보류, 검증 실패 1개
[291/3661] KODEX 미국머니마켓액티브(0048J0) - corp_code 없음
[292/3661] KODEX 차이나휴머노이드로봇(0048K0) - corp_code 없음
[293/3661] 조광페인트(004910) - 저장 보류, 검증 실패 1개
[294/3661] 씨아이테크(004920) - 저장 보류, 검증 실패 1개
[295/3661] 한신공영(004960) - 저장 보류, 검증 실패 1개
[296/3661] 신라교역(004970) - 저장 보류, 검증 실패 1개
[297/3661] 성신양회(004980) - 저장 보류, 검증 실패 1개
[298/3661] 롯데지주(004990) - DART 데이터 없음
[299/3661] ACE 미국배당퀄리티채권혼합50(0049K0) - corp_code 없음
[300/3661] ACE 미국배당퀄리티+커버드콜액티브(0049M0) - corp_code 없음
[301/3661] 휴스틸(005010) - 저장 보류, 검증 실패 1개
[302/3661] 부산주공(005030) - 저장 보류, 검증 실패 1개
[303/3661] 코스모신소재(005070) - 저장 보류, 검증 실패 1개
[304/3661] SGC에너지(005090) - 저장 보류, 검증 실패 1개
[305/3661] PLUS 미국AI에이전트(0050E0) - corp_code 없음
[306/3661] 한창(005110) - 저장 보류, 검증 실패 1개
[307/3661] 동국산업(005160) - 저장 보류, 검증 실패 1개
[308/3661] 빙그레(005180) - 저장 보류, 검증 실패 1개
[309/3661] KoAct 브로드컴밸류체인액티브(0051A0) - corp_code 없음
[310/3661] SOL 미국원자력SMR(0051G0) - corp_code 없음
[311/3661] 녹십자홀딩스(005250) - 저장 보류, 검증 실패 1개
[312/3661] 동진쎄미켐(005290) - 저장 보류, 검증 실패 1개
[313/3661] TIGER 코리아배당다우존스(0052D0) - corp_code 없음
[314/3661] 1Q 미국S&P500미국채혼합50액티브(0052S0) - corp_code 없음
[315/3661] 1Q 중단기회사채(A-이상)액티브(0052T0) - corp_code 없음
[316/3661] 롯데칠성(005300) - 저장 보류, 검증 실패 1개
[317/3661] 온타이드(005320) - 저장 보류, 검증 실패 1개
[318/3661] 모나미(005360) - 저장 보류, 검증 실패 1개
[319/3661] 현대차(005380) - 저장 보류, 검증 실패 1개
[320/3661] TIGER 차이나휴머노이드로봇(0053L0) - corp_code 없음
[321/3661] 더제이 중소형포커스액티브(0053M0) - corp_code 없음
[322/3661] 코스모화학(005420) - 저장 보류, 검증 실패 1개
[323/3661] 한국공항(005430) - 저장 보류, 검증 실패 1개
[324/3661] 현대지에프홀딩스(005440) - 저장 보류, 검증 실패 1개
[325/3661] POSCO홀딩스(005490) - 저장 보류, 검증 실패 1개
[326/3661] 삼진제약(005500) - 저장 보류, 검증 실패 1개
[327/3661] 삼립(005610) - 저장 보류, 검증 실패 1개
[328/3661] 푸드웰(005670) - 저장 보류, 검증 실패 1개
[329/3661] 삼영전자(005680) - 저장 보류, 검증 실패 1개
[330/3661] 파미셀(005690) - 저장 보류, 검증 실패 1개
[331/3661] 대원산업(005710) - 저장 보류, 검증 실패 1개
[332/3661] 넥센(005720) - 저장 보류, 검증 실패 1개
[333/3661] 크라운해태홀딩스(005740) - 저장 보류, 검증 실패 1개
[334/3661] 대림바스(005750) - 저장 보류, 검증 실패 1개
[335/3661] PLUS 미국S&P500미국채혼합50액티브(0057H0) - corp_code 없음
[336/3661] 신영와코루(005800) - 저장 보류, 검증 실패 1개
[337/3661] 풍산홀딩스(005810) - 저장 보류, 검증 실패 1개
[338/3661] 원림(005820) - 저장 보류, 검증 실패 1개
[339/3661] DB손해보험(005830) - DART 데이터 없음
[340/3661] 에스엘(005850) - 저장 보류, 검증 실패 1개
[341/3661] 한일사료(005860) - 저장 보류, 검증 실패 1개
[342/3661] 휴니드(005870) - 저장 보류, 검증 실패 1개
[343/3661] 대한해운(005880) - 저장 보류, 검증 실패 1개
[344/3661] 삼성전자(005930) - 저장 보류, 검증 실패 1개
[345/3661] NH투자증권(005940) - DART 데이터 없음
[346/3661] 이수화학(005950) - 저장 보류, 검증 실패 1개
[347/3661] 동부건설(005960) - 저장 보류, 검증 실패 1개
[348/3661] 매일홀딩스(005990) - 저장 보류, 검증 실패 1개
[349/3661] 동원산업(006040) - 저장 보류, 검증 실패 1개
[350/3661] 국영지앤엠(006050) - 저장 보류, 검증 실패 1개
[351/3661] 화승인더(006060) - 저장 보류, 검증 실패 1개
[352/3661] 사조오양(006090) - 저장 보류, 검증 실패 1개
[353/3661] TIGER 토탈월드스탁액티브(0060H0) - corp_code 없음
[354/3661] 삼아알미늄(006110) - 저장 보류, 검증 실패 1개
[355/3661] SK디스커버리(006120) - 저장 보류, 검증 실패 1개
[356/3661] 피제이전자(006140) - 저장 보류, 검증 실패 1개
[357/3661] RISE 단기특수은행채액티브(0061Z0) - corp_code 없음
[358/3661] 한국전자홀딩스(006200) - 저장 보류, 검증 실패 1개
[359/3661] 제주은행(006220) - DART 데이터 없음
[360/3661] LS(006260) - 저장 보류, 검증 실패 1개
[361/3661] 녹십자(006280) - 저장 보류, 검증 실패 1개
[362/3661] 대원전선(006340) - 저장 보류, 검증 실패 1개
[363/3661] GS건설(006360) - 저장 보류, 검증 실패 1개
[364/3661] 대구백화점(006370) - 저장 보류, 검증 실패 1개
[365/3661] 카프로(006380) - 저장 보류, 검증 실패 1개
[366/3661] 삼성SDI(006400) - 저장 보류, 검증 실패 1개
[367/3661] 인스코비(006490) - 저장 보류, 검증 실패 1개
[368/3661] KODEX 금액티브(0064K0) - corp_code 없음
[369/3661] 대림통상(006570) - 저장 보류, 검증 실패 1개
[370/3661] KODEX 차이나테크TOP10(0065G0) - corp_code 없음
[371/3661] 동구바이오제약(006620) - 저장 보류, 검증 실패 1개
[372/3661] 대한유화(006650) - 저장 보류, 검증 실패 1개
[373/3661] 삼성공조(006660) - 저장 보류, 검증 실패 1개
[374/3661] SOL 국제금(0066W0) - corp_code 없음
[375/3661] 서부T&D(006730) - 저장 보류, 검증 실패 1개
[376/3661] 블루산업개발(006740) - 저장 보류, 검증 실패 1개
[377/3661] TIGER 차이나글로벌리더스TOP3+(0067V0) - corp_code 없음
[378/3661] TIGER 차이나AI소프트웨어(0067Y0) - corp_code 없음
[379/3661] 미래에셋증권(006800) - DART 데이터 없음
[380/3661] AK홀딩스(006840) - 저장 보류, 검증 실패 1개
[381/3661] 신송홀딩스(006880) - 저장 보류, 검증 실패 1개
[382/3661] 태경케미컬(006890) - 저장 보류, 검증 실패 1개
[383/3661] KODEX 미국S&P500버퍼6월액티브(0068M0) - corp_code 없음
[384/3661] 보성파워텍(006910) - 저장 보류, 검증 실패 1개
[385/3661] 모헨즈(006920) - 저장 보류, 검증 실패 1개
[386/3661] 우성(006980) - 저장 보류, 검증 실패 1개
[387/3661] 1Q 미국나스닥100(0069M0) - corp_code 없음
[388/3661] GS리테일(007070) - 저장 보류, 검증 실패 1개
[389/3661] 일신석재(007110) - 저장 보류, 검증 실패 1개
[390/3661] 미래아이앤지(007120) - 저장 보류, 검증 실패 1개
[391/3661] 사조산업(007160) - 저장 보류, 검증 실패 1개
[392/3661] 벽산(007210) - 저장 보류, 검증 실패 1개
[393/3661] 한국특강(007280) - 저장 보류, 검증 실패 1개
[394/3661] TIGER KRX금현물(0072R0) - corp_code 없음
[395/3661] 오뚜기(007310) - 저장 보류, 검증 실패 1개
[396/3661] 푸른저축은행(007330) - DART 데이터 없음
[397/3661] DN오토모티브(007340) - 저장 보류, 검증 실패 1개
[398/3661] 진양제약(007370) - 저장 보류, 검증 실패 1개
[399/3661] 네이처셀(007390) - 저장 보류, 검증 실패 1개
[400/3661] FOCUS 알리바바미국채커버드콜혼합(0073X0) - corp_code 없음
[401/3661] 에이프로젠(007460) - 저장 보류, 검증 실패 1개
[402/3661] KoAct K수출핵심기업TOP30액티브(0074K0) - corp_code 없음
[403/3661] 와이엠(007530) - 저장 보류, 검증 실패 1개
[404/3661] 샘표(007540) - 저장 보류, 검증 실패 1개
[405/3661] 일양약품(007570) - 저장 보류, 검증 실패 1개
[406/3661] 동방아그로(007590) - 저장 보류, 검증 실패 1개
[407/3661] 선도전기(007610) - 저장 보류, 검증 실패 1개
[408/3661] 이수페타시스(007660) - 저장 보류, 검증 실패 1개
[409/3661] 대원(007680) - 저장 보류, 검증 실패 1개
[410/3661] 국도화학(007690) - 저장 보류, 검증 실패 1개
[411/3661] F&F홀딩스(007700) - 저장 보류, 검증 실패 1개
[412/3661] 소노스퀘어(007720) - 저장 보류, 검증 실패 1개
[413/3661] 한일화학(007770) - 저장 보류, 검증 실패 1개
[414/3661] 코리아써키트(007810) - 저장 보류, 검증 실패 1개
[415/3661] 엠엑스로보틱스(007820) - 저장 보류, 검증 실패 1개
[416/3661] 서연(007860) - 저장 보류, 검증 실패 1개
[417/3661] PLUS 미국로보택시(0078V0) - corp_code 없음
[418/3661] TP(007980) - 저장 보류, 검증 실패 1개
[419/3661] ACE BYD밸류체인액티브(0079X0) - corp_code 없음
[420/3661] 사조동아원(008040) - 저장 보류, 검증 실패 1개
[421/3661] 대덕(008060) - 저장 보류, 검증 실패 1개
[422/3661] KODEX K방산TOP10(0080G0) - corp_code 없음
[423/3661] SOL 미국S&P500미국채혼합50(0080X0) - corp_code 없음
[424/3661] SOL 조선TOP3플러스레버리지(0080Y0) - corp_code 없음
[425/3661] 대동전자(008110) - 저장 보류, 검증 실패 1개
[426/3661] 이건산업(008250) - 저장 보류, 검증 실패 1개
[427/3661] NI스틸(008260) - 저장 보류, 검증 실패 1개
[428/3661] 원풍물산(008290) - 저장 보류, 검증 실패 1개
[429/3661] HANARO 유럽방산(0082F0) - corp_code 없음
[430/3661] 카나프테라퓨틱스(0082N0) - DART 데이터 없음
[431/3661] KODEX TDF2060액티브(0082V0) - corp_code 없음
[432/3661] 남선알미늄(008350) - 저장 보류, 검증 실패 1개
[433/3661] 원풍(008370) - 저장 보류, 검증 실패 1개
[434/3661] 1Q 미국메디컬AI(0083S0) - corp_code 없음
[435/3661] 문배철강(008420) - 저장 보류, 검증 실패 1개
[436/3661] 부스타(008470) - 저장 보류, 검증 실패 1개
[437/3661] 서흥(008490) - 저장 보류, 검증 실패 1개
[438/3661] KIWOOM 미국테크100월간목표헤지액티브(0084D0) - corp_code 없음
[439/3661] KIWOOM 미국대형주500월간목표헤지액티브(0084E0) - corp_code 없음
[440/3661] 일정실업(008500) - 저장 보류, 검증 실패 1개
[441/3661] ACE 미국10년국채액티브(H)(0085N0) - corp_code 없음
[442/3661] ACE 미국10년국채액티브(0085P0) - corp_code 없음
[443/3661] 윌비스(008600) - 저장 보류, 검증 실패 1개
[444/3661] TIGER 리츠부동산인프라TOP10액티브(0086B0) - corp_code 없음
[445/3661] TIGER 리츠부동산인프라10채권혼합액티브(0086C0) - corp_code 없음
[446/3661] 아남전자(008700) - 저장 보류, 검증 실패 1개
[447/3661] 율촌화학(008730) - 저장 보류, 검증 실패 1개
[448/3661] 호텔신라(008770) - 저장 보류, 검증 실패 1개
[449/3661] ACE 차이나AI빅테크TOP2+액티브(0087F0) - corp_code 없음
[450/3661] 대동기어(008830) - 저장 보류, 검증 실패 1개
[451/3661] 금비(008870) - DART 데이터 없음
[452/3661] 메쥬(0088M0) - DART 데이터 없음
[453/3661] WON K-글로벌수급상위(0088N0) - corp_code 없음
[454/3661] 한미사이언스(008930) - 저장 보류, 검증 실패 1개
[455/3661] KBI동양철관(008970) - 저장 보류, 검증 실패 1개
[456/3661] PLUS 미국나스닥100미국채혼합50(0089B0) - corp_code 없음
[457/3661] KODEX 미국S&P500변동성확대시커버드콜(0089C0) - corp_code 없음
[458/3661] KODEX 금융고배당TOP10(0089D0) - corp_code 없음
[459/3661] KCTC(009070) - 저장 보류, 검증 실패 1개
[460/3661] PLUS K방산소부장(0090B0) - corp_code 없음
[461/3661] 경인전자(009140) - 저장 보류, 검증 실패 1개
[462/3661] 삼성전기(009150) - 저장 보류, 검증 실패 1개
[463/3661] SIMPAC(009160) - 저장 보류, 검증 실패 1개
[464/3661] 한솔로지스틱스(009180) - 저장 보류, 검증 실패 1개
[465/3661] 대양금속(009190) - 저장 보류, 검증 실패 1개
[466/3661] KODEX 미국10년국채액티브(H)(0091C0) - corp_code 없음
[467/3661] HANARO 27-06 회사채(AA-이상)액티브(0091M0) - corp_code 없음
[468/3661] TIGER 코리아원자력(0091P0) - corp_code 없음
[469/3661] 무림페이퍼(009200) - 저장 보류, 검증 실패 1개
[470/3661] 한샘(009240) - 저장 보류, 검증 실패 1개
[471/3661] 신원(009270) - 저장 보류, 검증 실패 1개
[472/3661] 광동제약(009290) - 저장 보류, 검증 실패 1개
[473/3661] SOL 한국원자력SMR(0092B0) - corp_code 없음
[474/3661] SOL 27-12 회사채(AA-이상)액티브(0092C0) - corp_code 없음
[475/3661] 삼아제약(009300) - 저장 보류, 검증 실패 1개
[476/3661] 참엔지니어링(009310) - 저장 보류, 검증 실패 1개
[477/3661] 아진전자부품(009320) - 저장 보류, 검증 실패 1개
[478/3661] RISE AI반도체TOP10(0093A0) - corp_code 없음
[479/3661] RISE 엔비디아고정테크100(0093B0) - corp_code 없음
[480/3661] KoAct 팔란티어밸류체인액티브(0093D0) - corp_code 없음
[481/3661] 태영건설(009410) - 저장 보류, 검증 실패 1개
[482/3661] 한올바이오파마(009420) - 저장 보류, 검증 실패 1개
[483/3661] KC그린홀딩스(009440) - 저장 보류, 검증 실패 1개
[484/3661] 경동나비엔(009450) - 저장 보류, 검증 실패 1개
[485/3661] 한창제지(009460) - 저장 보류, 검증 실패 1개
[486/3661] 삼화전기(009470) - 저장 보류, 검증 실패 1개
[487/3661] TIGER 28-04 회사채(A+이상)액티브(0094K0) - corp_code 없음
[488/3661] RISE 차이나테크TOP10위클리타겟커버드콜(0094L0) - corp_code 없음
[489/3661] RISE 코리아밸류업위클리고정커버드콜(0094M0) - corp_code 없음
[490/3661] 1Q 샤오미밸류체인액티브(0094X0) - corp_code 없음
[491/3661] 포스코엠텍(009520) - 저장 보류, 검증 실패 1개
[492/3661] HD한국조선해양(009540) - 저장 보류, 검증 실패 1개
[493/3661] 무림P&P(009580) - 저장 보류, 검증 실패 1개
[494/3661] 삼보산업(009620) - 저장 보류, 검증 실패 1개
[495/3661] 모토닉(009680) - 저장 보류, 검증 실패 1개
[496/3661] 이렘(009730) - 저장 보류, 검증 실패 1개
[497/3661] 삼정펄프(009770) - 저장 보류, 검증 실패 1개
[498/3661] 엠에스씨(009780) - 저장 보류, 검증 실패 1개
[499/3661] KIWOOM 한국고배당&미국AI테크(0097L0) - corp_code 없음
[500/3661] 플레이그램(009810) - 저장 보류, 검증 실패 1개
[501/3661] 한화솔루션(009830) - 저장 보류, 검증 실패 1개
[502/3661] KODEX K원자력SMR(0098F0) - corp_code 없음
[503/3661] PLUS 자사주매입고배당주(0098N0) - corp_code 없음
[504/3661] FOCUS 200(0098Z0) - corp_code 없음
[505/3661] 명신산업(009900) - DART 데이터 없음
[506/3661] 영원무역홀딩스(009970) - 저장 보류, 검증 실패 1개
[507/3661] ACE 우량회사채(AA-이상)액티브(0099L0) - corp_code 없음
[508/3661] 한국내화(010040) - 저장 보류, 검증 실패 1개
[509/3661] OCI홀딩스(010060) - 저장 보류, 검증 실패 1개
[510/3661] KODEX K방산TOP10레버리지(0100K0) - corp_code 없음
[511/3661] 한국무브넥스(010100) - 저장 보류, 검증 실패 1개
[512/3661] LS ELECTRIC(010120) - 저장 보류, 검증 실패 1개
[513/3661] 고려아연(010130) - 저장 보류, 검증 실패 1개
[514/3661] 삼성중공업(010140) - 저장 보류, 검증 실패 1개
[515/3661] 대한광통신(010170) - 저장 보류, 검증 실패 1개
[516/3661] RISE AI전력인프라(0101N0) - corp_code 없음
[517/3661] 흥국(010240) - 저장 보류, 검증 실패 1개
[518/3661] 아이티센엔텍(010280) - 저장 보류, 검증 실패 1개
[519/3661] TIGER 미국AI소프트웨어TOP4Plus(0102A0) - corp_code 없음
[520/3661] ACE 유럽방산TOP10(0102X0) - corp_code 없음
[521/3661] 1Q K소버린AI(0103T0) - corp_code 없음
[522/3661] 우진아이엔에스(010400) - DART 데이터 없음
[523/3661] 오리콤(010470) - 저장 보류, 검증 실패 1개
[524/3661] PLUS K방산레버리지(0104G0) - corp_code 없음
[525/3661] KoAct 미국나스닥채권혼합50액티브(0104H0) - corp_code 없음
[526/3661] TIGER 200타겟위클리커버드콜(0104N0) - corp_code 없음
[527/3661] TIGER 코리아배당다우존스위클리커버드콜(0104P0) - corp_code 없음
[528/3661] 에스엠벡셀(010580) - 저장 보류, 검증 실패 1개
[529/3661] SOL 한국AI소프트웨어(0105D0) - corp_code 없음
[530/3661] SOL 코리아고배당(0105E0) - corp_code 없음
[531/3661] 웰바이오텍(010600) - 저장 보류, 검증 실패 1개
[532/3661] HD현대미포(010620) - 저장 보류, 검증 실패 1개
[533/3661] 진양폴리(010640) - 저장 보류, 검증 실패 1개
[534/3661] 화천기계(010660) - 저장 보류, 검증 실패 1개
[535/3661] 화신(010690) - 저장 보류, 검증 실패 1개
[536/3661] 대신 KOSPI200인덱스 X클래스(0106J0) - corp_code 없음
[537/3661] 평화홀딩스(010770) - 저장 보류, 검증 실패 1개
[538/3661] 아이에스동서(010780) - 저장 보류, 검증 실패 1개
[539/3661] KIWOOM 미국고배당&AI테크(0107F0) - corp_code 없음
[540/3661] 퍼스텍(010820) - 저장 보류, 검증 실패 1개
[541/3661] S-Oil(010950) - 저장 보류, 검증 실패 1개
[542/3661] 삼호개발(010960) - 저장 보류, 검증 실패 1개
[543/3661] 진원생명과학(011000) - 저장 보류, 검증 실패 1개
[544/3661] 경동제약(011040) - 저장 보류, 검증 실패 1개
[545/3661] LG이노텍(011070) - 저장 보류, 검증 실패 1개
[546/3661] 형지I&C(011080) - 저장 보류, 검증 실패 1개
[547/3661] 에넥스(011090) - 저장 보류, 검증 실패 1개
[548/3661] CJ씨푸드(011150) - 저장 보류, 검증 실패 1개
[549/3661] 롯데케미칼(011170) - 저장 보류, 검증 실패 1개
[550/3661] HANARO 증권고배당TOP3플러스(0111J0) - corp_code 없음
[551/3661] 1Q 미국나스닥100미국채혼합50액티브(0111P0) - corp_code 없음
[552/3661] HMM(011200) - 저장 보류, 검증 실패 1개
[553/3661] 현대위아(011210) - 저장 보류, 검증 실패 1개
[554/3661] 삼화전자(011230) - 저장 보류, 검증 실패 1개
[555/3661] 태림포장(011280) - 저장 보류, 검증 실패 1개
[556/3661] 마이티 200TR(0112X0) - corp_code 없음
[557/3661] 우성머티리얼스(011300) - 저장 보류, 검증 실패 1개
[558/3661] 유니크(011320) - 저장 보류, 검증 실패 1개
[559/3661] 유니켐(011330) - 저장 보류, 검증 실패 1개
[560/3661] 서한(011370) - 저장 보류, 검증 실패 1개
[561/3661] 부산산업(011390) - 저장 보류, 검증 실패 1개
[562/3661] TIMEFOLIO 글로벌탑픽액티브(0113D0) - corp_code 없음
[563/3661] KoAct 미국바이오헬스케어액티브(0113G0) - corp_code 없음
[564/3661] HK 머니마켓액티브(0113P0) - corp_code 없음
[565/3661] 갤럭시아에스엠(011420) - 저장 보류, 검증 실패 1개
[566/3661] RISE 글로벌게임테크TOP3Plus(0114X0) - corp_code 없음
[567/3661] 한농화성(011500) - 저장 보류, 검증 실패 1개
[568/3661] 세보엠이씨(011560) - 저장 보류, 검증 실패 1개
[569/3661] RISE 미국고배당다우존스TOP10(0115C0) - corp_code 없음
[570/3661] KODEX K조선TOP10(0115D0) - corp_code 없음
[571/3661] KODEX 코리아소버린AI(0115E0) - corp_code 없음
[572/3661] 와이투솔루션(011690) - 저장 보류, 검증 실패 1개
[573/3661] 한신기계(011700) - 저장 보류, 검증 실패 1개
[574/3661] 현대코퍼레이션(011760) - 저장 보류, 검증 실패 1개
[575/3661] 금호석유화학(011780) - 저장 보류, 검증 실패 1개
[576/3661] SKC(011790) - 저장 보류, 검증 실패 1개
[577/3661] KODEX 26-12 금융채(AA-이상)액티브(0117L0) - corp_code 없음
[578/3661] TIGER 코리아AI전력기기TOP3플러스(0117V0) - corp_code 없음
[579/3661] STX(011810) - 저장 보류, 검증 실패 1개
[580/3661] SOL 미국넥스트테크TOP10액티브(0118S0) - corp_code 없음
[581/3661] ACE 미국AI테크핵심산업액티브(0118Z0) - corp_code 없음
[582/3661] 신성이엔지(011930) - 저장 보류, 검증 실패 1개
[583/3661] KODEX 28-12 회사채(AA-이상)액티브(0119H0) - corp_code 없음
[584/3661] DB(012030) - 저장 보류, 검증 실패 1개
[585/3661] 삼양바이오팜(0120G0) - DART 데이터 없음
[586/3661] BNK 카카오그룹포커스(0120J0) - corp_code 없음
[587/3661] 유진 챔피언중단기크레딧 X클래스(0120X0) - corp_code 없음
[588/3661] 영흥(012160) - 저장 보류, 검증 실패 1개
[589/3661] 아센디오(012170) - 저장 보류, 검증 실패 1개
[590/3661] 계양전기(012200) - 저장 보류, 검증 실패 1개
[591/3661] 삼미금속(012210) - DART 데이터 없음
[592/3661] 영화금속(012280) - 저장 보류, 검증 실패 1개
[593/3661] RISE 26-11 회사채(AA-이상)액티브(0122W0) - corp_code 없음
[594/3661] 경동인베스트(012320) - 저장 보류, 검증 실패 1개
[595/3661] 현대모비스(012330) - 저장 보류, 검증 실패 1개
[596/3661] 뉴인텍(012340) - 저장 보류, 검증 실패 1개
[597/3661] TIGER 미국AI전력SMR(0123G0) - corp_code 없음
[598/3661] HANARO 26-12 은행채(AA+이상)액티브(0123S0) - corp_code 없음
[599/3661] 한화에어로스페이스(012450) - 저장 보류, 검증 실패 1개
[600/3661] 더존비즈온(012510) - 저장 보류, 검증 실패 1개
[601/3661] 경인양행(012610) - 저장 보류, 검증 실패 1개
[602/3661] 원일특강(012620) - 저장 보류, 검증 실패 1개
[603/3661] HDC(012630) - 저장 보류, 검증 실패 1개
[604/3661] 모나리자(012690) - 저장 보류, 검증 실패 1개
[605/3661] 삼성에피스홀딩스(0126Z0) - DART 데이터 없음
[606/3661] 리드코프(012700) - 저장 보류, 검증 실패 1개
[607/3661] 에스원(012750) - 저장 보류, 검증 실패 1개
[608/3661] 신일제약(012790) - 저장 보류, 검증 실패 1개
[609/3661] ACE 미국대형가치주액티브(0127M0) - corp_code 없음
[610/3661] ACE 미국대형성장주액티브(0127P0) - corp_code 없음
[611/3661] RISE 미국AI클라우드인프라(0127R0) - corp_code 없음
[612/3661] KIWOOM 미국S&P500&배당다우존스비중전환(0127T0) - corp_code 없음
[613/3661] KIWOOM 미국S&P500 TOP10&배당다우비중전환(0127V0) - corp_code 없음
[614/3661] 대창(012800) - 저장 보류, 검증 실패 1개
[615/3661] 모베이스전자(012860) - 저장 보류, 검증 실패 1개
[616/3661] PLUS 차이나항셍테크위클리타겟커버드콜(0128D0) - corp_code 없음
[617/3661] 세우글로벌(013000) - 저장 보류, 검증 실패 1개
[618/3661] 하이록코리아(013030) - 저장 보류, 검증 실패 1개
[619/3661] 동원개발(013120) - 저장 보류, 검증 실패 1개
[620/3661] SOL 차이나소비트렌드(0131A0) - corp_code 없음
[621/3661] 1Q 미국우주항공테크(0131V0) - corp_code 없음
[622/3661] 1Q 단기특수은행채액티브(0131W0) - corp_code 없음
[623/3661] KoAct 글로벌K컬처밸류체인액티브(0132D0) - corp_code 없음
[624/3661] KODEX 미국원자력SMR(0132H0) - corp_code 없음
[625/3661] PLUS 테슬라위클리커버드콜채권혼합(0132K0) - corp_code 없음
[626/3661] 아진산업(013310) - 저장 보류, 검증 실패 1개
[627/3661] 일성건설(013360) - 저장 보류, 검증 실패 1개
[628/3661] 화승코퍼레이션(013520) - 저장 보류, 검증 실패 1개
[629/3661] 디와이(013570) - 저장 보류, 검증 실패 1개
[630/3661] 계룡건설(013580) - 저장 보류, 검증 실패 1개
[631/3661] ITF 중기종합채권(AA-이상)액티브(0135Y0) - corp_code 없음
[632/3661] 까뮤이앤씨(013700) - 저장 보류, 검증 실패 1개
[633/3661] THE CUBE&(013720) - 저장 보류, 검증 실패 1개
[634/3661] KIWOOM 미국S&P500모멘텀(0137V0) - corp_code 없음
[635/3661] KIWOOM 미국S&P500&GOLD(0137W0) - corp_code 없음
[636/3661] 스페코(013810) - 저장 보류, 검증 실패 1개
[637/3661] 지엠비코리아(013870) - 저장 보류, 검증 실패 1개
[638/3661] 지누스(013890) - 저장 보류, 검증 실패 1개
[639/3661] RISE 동학개미(0138D0) - corp_code 없음
[640/3661] RISE 미국S&P500데일리고정커버드콜(0138T0) - corp_code 없음
[641/3661] PLUS 금채권혼합(0138Y0) - corp_code 없음
[642/3661] 아가방컴퍼니(013990) - 저장 보류, 검증 실패 1개
[643/3661] TIGER 12월자동연장금융채(AA-이상)액티브(0139F0) - corp_code 없음
[644/3661] ACE 고배당주(0139P0) - corp_code 없음
[645/3661] 메디앙스(014100) - 저장 보류, 검증 실패 1개
[646/3661] 한익스프레스(014130) - 저장 보류, 검증 실패 1개
[647/3661] 대영포장(014160) - 저장 보류, 검증 실패 1개
[648/3661] 원익큐브(014190) - 저장 보류, 검증 실패 1개
[649/3661] SOL 조선기자재(0141S0) - corp_code 없음
[650/3661] SOL 중기종합채권(AA-이상)액티브(0141T0) - corp_code 없음
[651/3661] 금강공업(014280) - 저장 보류, 검증 실패 1개
[652/3661] TIGER 미국AI데이터센터TOP4Plus(0142D0) - corp_code 없음
[653/3661] 영보화학(014440) - 저장 보류, 검증 실패 1개
[654/3661] 부방(014470) - 저장 보류, 검증 실패 1개
[655/3661] KODEX 미국성장커버드콜액티브(0144L0) - corp_code 없음
[656/3661] KODEX 미국드론UAM TOP10(0144M0) - corp_code 없음
[657/3661] 극동유화(014530) - 저장 보류, 검증 실패 1개
[658/3661] 고려제약(014570) - 저장 보류, 검증 실패 1개
[659/3661] 태경비케이(014580) - 저장 보류, 검증 실패 1개
[660/3661] 성광벤드(014620) - 저장 보류, 검증 실패 1개
[661/3661] 한솔케미칼(014680) - 저장 보류, 검증 실패 1개
[662/3661] 사조씨푸드(014710) - 저장 보류, 검증 실패 1개
[663/3661] HL D&I(014790) - 저장 보류, 검증 실패 1개
[664/3661] 동원시스템즈(014820) - 저장 보류, 검증 실패 1개
[665/3661] 유니드(014830) - 저장 보류, 검증 실패 1개
[666/3661] TIGER 코리아휴머노이드로봇산업(0148J0) - corp_code 없음
[667/3661] 성문전자(014910) - 저장 보류, 검증 실패 1개
[668/3661] 오리엔탈정공(014940) - 저장 보류, 검증 실패 1개
[669/3661] 삼익제약(014950) - DART 데이터 없음
[670/3661] 삼륭물산(014970) - 저장 보류, 검증 실패 1개
[671/3661] 인디에프(014990) - 저장 보류, 검증 실패 1개
[672/3661] 이스타코(015020) - 저장 보류, 검증 실패 1개
[673/3661] KoAct 수소전력ESS인프라액티브(0150K0) - corp_code 없음
[674/3661] KODEX 미국AI반도체TOP3플러스(0151S0) - corp_code 없음
[675/3661] 대창단조(015230) - 저장 보류, 검증 실패 1개
[676/3661] 에이엔피(015260) - 저장 보류, 검증 실패 1개
[677/3661] SOL 배당성향탑픽액티브(0152E0) - corp_code 없음
[678/3661] INVENI(015360) - 저장 보류, 검증 실패 1개
[679/3661] DKME(015590) - 저장 보류, 검증 실패 1개
[680/3661] 코콤(015710) - 저장 보류, 검증 실패 1개
[681/3661] 성우하이텍(015750) - 저장 보류, 검증 실패 1개
[682/3661] 한국전력(015760) - 저장 보류, 검증 실패 1개
[683/3661] 일진홀딩스(015860) - 저장 보류, 검증 실패 1개
[684/3661] 태경산업(015890) - 저장 보류, 검증 실패 1개
[685/3661] 대현(016090) - 저장 보류, 검증 실패 1개
[686/3661] 리더스코스메틱(016100) - 저장 보류, 검증 실패 1개
[687/3661] SGC E&C(016250) - 저장 보류, 검증 실패 1개
[688/3661] 삼성증권(016360) - DART 데이터 없음
[689/3661] KG스틸(016380) - 저장 보류, 검증 실패 1개
[690/3661] 한세예스24홀딩스(016450) - 저장 보류, 검증 실패 1개
[691/3661] 환인제약(016580) - 저장 보류, 검증 실패 1개
[692/3661] 신대양제지(016590) - 저장 보류, 검증 실패 1개
[693/3661] 큐캐피탈(016600) - DART 데이터 없음
[694/3661] DB증권(016610) - DART 데이터 없음
[695/3661] 디모아(016670) - 저장 보류, 검증 실패 1개
[696/3661] 대성홀딩스(016710) - 저장 보류, 검증 실패 1개
[697/3661] 두올(016740) - 저장 보류, 검증 실패 1개
[698/3661] 현대사료(016790) - 저장 보류, 검증 실패 1개
[699/3661] 퍼시스(016800) - 저장 보류, 검증 실패 1개
[700/3661] 웅진(016880) - 저장 보류, 검증 실패 1개
[701/3661] 카스(016920) - 저장 보류, 검증 실패 1개
[702/3661] 신원종합개발(017000) - 저장 보류, 검증 실패 1개
[703/3661] 광명전기(017040) - 저장 보류, 검증 실패 1개
[704/3661] 명문제약(017180) - 저장 보류, 검증 실패 1개
[705/3661] 인터엠(017250) - DART 데이터 없음
[706/3661] 우신시스템(017370) - 저장 보류, 검증 실패 1개
[707/3661] 서울가스(017390) - 저장 보류, 검증 실패 1개
[708/3661] 삼현철강(017480) - 저장 보류, 검증 실패 1개
[709/3661] 세명전기(017510) - 저장 보류, 검증 실패 1개
[710/3661] 수산세보틱스(017550) - 저장 보류, 검증 실패 1개
[711/3661] 대림제지(017650) - 저장 보류, 검증 실패 1개
[712/3661] SK텔레콤(017670) - 저장 보류, 검증 실패 1개
[713/3661] 현대엘리베이터(017800) - 저장 보류, 검증 실패 1개
[714/3661] 풀무원(017810) - 저장 보류, 검증 실패 1개
[715/3661] DS단석(017860) - DART 데이터 없음
[716/3661] 한국알콜(017890) - 저장 보류, 검증 실패 1개
[717/3661] 광전자(017900) - 저장 보류, 검증 실패 1개
[718/3661] E1(017940) - 저장 보류, 검증 실패 1개
[719/3661] 한국카본(017960) - 저장 보류, 검증 실패 1개
[720/3661] 유니슨(018000) - 저장 보류, 검증 실패 1개
[721/3661] 진로발효(018120) - 저장 보류, 검증 실패 1개
[722/3661] 애경산업(018250) - 저장 보류, 검증 실패 1개
[723/3661] 삼성에스디에스(018260) - 저장 보류, 검증 실패 1개
[724/3661] 브이티(018290) - 저장 보류, 검증 실패 1개
[725/3661] 삼목에스폼(018310) - 저장 보류, 검증 실패 1개
[726/3661] 조일알미늄(018470) - 저장 보류, 검증 실패 1개
[727/3661] 동원금속(018500) - 저장 보류, 검증 실패 1개
[728/3661] 우진비앤지(018620) - 저장 보류, 검증 실패 1개
[729/3661] SK가스(018670) - 저장 보류, 검증 실패 1개
[730/3661] 서울제약(018680) - 저장 보류, 검증 실패 1개
[731/3661] 바른손(018700) - 저장 보류, 검증 실패 1개
[732/3661] 한온시스템(018880) - 저장 보류, 검증 실패 1개
[733/3661] 베뉴지(019010) - 저장 보류, 검증 실패 1개
[734/3661] 신풍제약(019170) - 저장 보류, 검증 실패 1개
[735/3661] 티에이치엔(019180) - 저장 보류, 검증 실패 1개
[736/3661] 와이지-원(019210) - 저장 보류, 검증 실패 1개
[737/3661] 세아특수강(019440) - 저장 보류, 검증 실패 1개
[738/3661] 엑시큐어하이트론(019490) - 저장 보류, 검증 실패 1개
[739/3661] 일지테크(019540) - 저장 보류, 검증 실패 1개
[740/3661] SBI인베스트먼트(019550) - DART 데이터 없음
[741/3661] 플루토스(019570) - 저장 보류, 검증 실패 1개
[742/3661] 글로본(019660) - 저장 보류, 검증 실패 1개
[743/3661] 대교(019680) - 저장 보류, 검증 실패 1개
[744/3661] 서연탑메탈(019770) - 저장 보류, 검증 실패 1개
[745/3661] 에너토크(019990) - 저장 보류, 검증 실패 1개
[746/3661] 한섬(020000) - 저장 보류, 검증 실패 1개
[747/3661] 키다리스튜디오(020120) - 저장 보류, 검증 실패 1개
[748/3661] 롯데에너지머티리얼즈(020150) - 저장 보류, 검증 실패 1개
[749/3661] 대신정보통신(020180) - 저장 보류, 검증 실패 1개
[750/3661] 대동금속(020400) - 저장 보류, 검증 실패 1개
[751/3661] 아시아나항공(020560) - 저장 보류, 검증 실패 1개
[752/3661] 시공테크(020710) - 저장 보류, 검증 실패 1개
[753/3661] 일진디스플(020760) - 저장 보류, 검증 실패 1개
[754/3661] 대호특수강(021040) - 저장 보류, 검증 실패 1개
[755/3661] 서원(021050) - 저장 보류, 검증 실패 1개
[756/3661] 에이티넘인베스트(021080) - 저장 보류, 검증 실패 1개
[757/3661] 코웨이(021240) - 저장 보류, 검증 실패 1개
[758/3661] KCC건설(021320) - 저장 보류, 검증 실패 1개
[759/3661] 한국큐빅(021650) - 저장 보류, 검증 실패 1개
[760/3661] 세원정공(021820) - 저장 보류, 검증 실패 1개
[761/3661] 메이슨캐피탈(021880) - DART 데이터 없음
[762/3661] 포스코DX(022100) - 저장 보류, 검증 실패 1개
[763/3661] 티케이지애강(022220) - 저장 보류, 검증 실패 1개
[764/3661] 삼원강재(023000) - 저장 보류, 검증 실패 1개
[765/3661] MH에탄올(023150) - 저장 보류, 검증 실패 1개
[766/3661] 태광(023160) - 저장 보류, 검증 실패 1개
[767/3661] 한국종합기술(023350) - 저장 보류, 검증 실패 1개
[768/3661] 유진기업(023410) - 저장 보류, 검증 실패 1개
[769/3661] 제이스코홀딩스(023440) - 저장 보류, 검증 실패 1개
[770/3661] 동남합성(023450) - 저장 보류, 검증 실패 1개
[771/3661] 롯데쇼핑(023530) - 저장 보류, 검증 실패 1개
[772/3661] 다우기술(023590) - 저장 보류, 검증 실패 1개
[773/3661] 삼보판지(023600) - 저장 보류, 검증 실패 1개
[774/3661] 한국캐피탈(023760) - DART 데이터 없음
[775/3661] 플레이위드(023770) - 저장 보류, 검증 실패 1개
[776/3661] 동일스틸럭스(023790) - 저장 보류, 검증 실패 1개
[777/3661] 인지컨트롤스(023800) - 저장 보류, 검증 실패 1개
[778/3661] 인팩(023810) - 저장 보류, 검증 실패 1개
[779/3661] 풍국주정(023900) - 저장 보류, 검증 실패 1개
[780/3661] 대한약품(023910) - 저장 보류, 검증 실패 1개
[781/3661] 에쓰씨엔지니어링(023960) - 저장 보류, 검증 실패 1개
[782/3661] 흥구석유(024060) - 저장 보류, 검증 실패 1개
[783/3661] WISCOM(024070) - 저장 보류, 검증 실패 1개
[784/3661] 디씨엠(024090) - 저장 보류, 검증 실패 1개
[785/3661] 기업은행(024110) - DART 데이터 없음
[786/3661] KB오토시스(024120) - 저장 보류, 검증 실패 1개
[787/3661] 콜마홀딩스(024720) - 저장 보류, 검증 실패 1개
[788/3661] 한일단조(024740) - 저장 보류, 검증 실패 1개
[789/3661] 유성티엔에스(024800) - 저장 보류, 검증 실패 1개
[790/3661] 세원물산(024830) - 저장 보류, 검증 실패 1개
[791/3661] KBI메탈(024840) - 저장 보류, 검증 실패 1개
[792/3661] HLB이노베이션(024850) - 저장 보류, 검증 실패 1개
[793/3661] 케이피에프(024880) - 저장 보류, 검증 실패 1개
[794/3661] 대원화성(024890) - 저장 보류, 검증 실패 1개
[795/3661] 디와이덕양(024900) - 저장 보류, 검증 실패 1개
[796/3661] 경창산업(024910) - 저장 보류, 검증 실패 1개
[797/3661] PN풍년(024940) - 저장 보류, 검증 실패 1개
[798/3661] 삼천리자전거(024950) - 저장 보류, 검증 실패 1개
[799/3661] KPX케미칼(025000) - 저장 보류, 검증 실패 1개
[800/3661] 시노펙스(025320) - 저장 보류, 검증 실패 1개
[801/3661] DH오토웨어(025440) - 저장 보류, 검증 실패 1개
[802/3661] SJM홀딩스(025530) - 저장 보류, 검증 실패 1개
[803/3661] 한국단자(025540) - 저장 보류, 검증 실패 1개
[804/3661] 한국선재(025550) - 저장 보류, 검증 실패 1개
[805/3661] 미래산업(025560) - 저장 보류, 검증 실패 1개
[806/3661] 차AI헬스케어(025620) - 저장 보류, 검증 실패 1개
[807/3661] 한솔홈데코(025750) - 저장 보류, 검증 실패 1개
[808/3661] 한국정보통신(025770) - 저장 보류, 검증 실패 1개
[809/3661] 이구산업(025820) - 저장 보류, 검증 실패 1개
[810/3661] 남해화학(025860) - 저장 보류, 검증 실패 1개
[811/3661] 신라에스지(025870) - 저장 보류, 검증 실패 1개
[812/3661] 케이씨피드(025880) - 저장 보류, 검증 실패 1개
[813/3661] 한국주강(025890) - 저장 보류, 검증 실패 1개
[814/3661] 동화기업(025900) - 저장 보류, 검증 실패 1개
[815/3661] 동신건설(025950) - 저장 보류, 검증 실패 1개
[816/3661] 아난티(025980) - 저장 보류, 검증 실패 1개
[817/3661] 제이에스티나(026040) - 저장 보류, 검증 실패 1개
[818/3661] 특수건설(026150) - 저장 보류, 검증 실패 1개
[819/3661] 스틱인베스트먼트(026890) - 저장 보류, 검증 실패 1개
[820/3661] 광진실업(026910) - 저장 보류, 검증 실패 1개
[821/3661] 부국철강(026940) - 저장 보류, 검증 실패 1개
[822/3661] 동서(026960) - 저장 보류, 검증 실패 1개
[823/3661] 서울전자통신(027040) - 저장 보류, 검증 실패 1개
[824/3661] 코리아나(027050) - 저장 보류, 검증 실패 1개
[825/3661] 아주IB투자(027360) - DART 데이터 없음
[826/3661] BGF(027410) - 저장 보류, 검증 실패 1개
[827/3661] 상보(027580) - 저장 보류, 검증 실패 1개
[828/3661] 팜스토리(027710) - 저장 보류, 검증 실패 1개
[829/3661] 마니커(027740) - 저장 보류, 검증 실패 1개
[830/3661] 대성창투(027830) - DART 데이터 없음
[831/3661] 한국제지(027970) - 저장 보류, 검증 실패 1개
[832/3661] 삼성E&A(028050) - 저장 보류, 검증 실패 1개
[833/3661] 휴맥스홀딩스(028080) - 저장 보류, 검증 실패 1개
[834/3661] 동아지질(028100) - 저장 보류, 검증 실패 1개
[835/3661] 삼성물산(028260) - 저장 보류, 검증 실패 1개
[836/3661] HLB(028300) - 저장 보류, 검증 실패 1개
[837/3661] 팬오션(028670) - 저장 보류, 검증 실패 1개
[838/3661] 케이씨(029460) - 저장 보류, 검증 실패 1개
[839/3661] 광무(029480) - 저장 보류, 검증 실패 1개
[840/3661] 신도리코(029530) - 저장 보류, 검증 실패 1개
[841/3661] 삼성카드(029780) - DART 데이터 없음
[842/3661] 제일기획(030000) - 저장 보류, 검증 실패 1개
[843/3661] NICE평가정보(030190) - 저장 보류, 검증 실패 1개
[844/3661] KT(030200) - 저장 보류, 검증 실패 1개
[845/3661] 다올투자증권(030210) - DART 데이터 없음
[846/3661] 드래곤플라이(030350) - 저장 보류, 검증 실패 1개
[847/3661] 한글과컴퓨터(030520) - 저장 보류, 검증 실패 1개
[848/3661] 원익홀딩스(030530) - 저장 보류, 검증 실패 1개
[849/3661] 교보증권(030610) - DART 데이터 없음
[850/3661] 동원수산(030720) - 저장 보류, 검증 실패 1개
[851/3661] 양지사(030960) - 저장 보류, 검증 실패 1개
[852/3661] 서울보증보험(031210) - DART 데이터 없음
[853/3661] 아이즈비전(031310) - 저장 보류, 검증 실패 1개
[854/3661] 에스에이엠티(031330) - 저장 보류, 검증 실패 1개
[855/3661] 신세계인터내셔날(031430) - 저장 보류, 검증 실패 1개
[856/3661] 신세계푸드(031440) - 저장 보류, 검증 실패 1개
[857/3661] 오스템(031510) - 저장 보류, 검증 실패 1개
[858/3661] 아이티센씨티에스(031820) - 저장 보류, 검증 실패 1개
[859/3661] 디에이치엑스컴퍼니(031860) - 저장 보류, 검증 실패 1개
[860/3661] 피에스케이홀딩스(031980) - 저장 보류, 검증 실패 1개
[861/3661] 아즈텍WB(032080) - 저장 보류, 검증 실패 1개
[862/3661] 다우데이타(032190) - 저장 보류, 검증 실패 1개
[863/3661] 삼일(032280) - 저장 보류, 검증 실패 1개
[864/3661] 한국파마(032300) - DART 데이터 없음
[865/3661] 롯데관광개발(032350) - 저장 보류, 검증 실패 1개
[866/3661] 케이엠더블유(032500) - 저장 보류, 검증 실패 1개
[867/3661] TJ미디어(032540) - 저장 보류, 검증 실패 1개
[868/3661] 황금에스티(032560) - 저장 보류, 검증 실패 1개
[869/3661] 피델릭스(032580) - 저장 보류, 검증 실패 1개
[870/3661] GC메디아이(032620) - 저장 보류, 검증 실패 1개
[871/3661] LG유플러스(032640) - 저장 보류, 검증 실패 1개
[872/3661] 소프트센(032680) - 저장 보류, 검증 실패 1개
[873/3661] 삼진(032750) - 저장 보류, 검증 실패 1개
[874/3661] 엠젠솔루션(032790) - 저장 보류, 검증 실패 1개
[875/3661] 판타지오(032800) - 저장 보류, 검증 실패 1개
[876/3661] 우리기술(032820) - 저장 보류, 검증 실패 1개
[877/3661] 삼성생명(032830) - DART 데이터 없음
[878/3661] 비트컴퓨터(032850) - 저장 보류, 검증 실패 1개
[879/3661] 더라미(032860) - 저장 보류, 검증 실패 1개
[880/3661] 원익(032940) - 저장 보류, 검증 실패 1개
[881/3661] 동일기연(032960) - 저장 보류, 검증 실패 1개
[882/3661] 바이온(032980) - 저장 보류, 검증 실패 1개
[883/3661] 제이엠아이(033050) - 저장 보류, 검증 실패 1개
[884/3661] 제룡전기(033100) - 저장 보류, 검증 실패 1개
[885/3661] 디지틀조선(033130) - 저장 보류, 검증 실패 1개
[886/3661] 엠케이전자(033160) - 저장 보류, 검증 실패 1개
[887/3661] 시그네틱스(033170) - 저장 보류, 검증 실패 1개
[888/3661] KH 필룩스(033180) - 저장 보류, 검증 실패 1개
[889/3661] 모아텍(033200) - 저장 보류, 검증 실패 1개
[890/3661] 인성정보(033230) - 저장 보류, 검증 실패 1개
[891/3661] 자화전자(033240) - 저장 보류, 검증 실패 1개
[892/3661] 체시스(033250) - 저장 보류, 검증 실패 1개
[893/3661] 유나이티드제약(033270) - 저장 보류, 검증 실패 1개
[894/3661] 로젠(033290) - 저장 보류, 검증 실패 1개
[895/3661] 엠투엔(033310) - 저장 보류, 검증 실패 1개
[896/3661] 제이씨현시스템(033320) - 저장 보류, 검증 실패 1개
[897/3661] 좋은사람들(033340) - 저장 보류, 검증 실패 1개
[898/3661] 동성화인텍(033500) - 저장 보류, 검증 실패 1개
[899/3661] SJG세종(033530) - 저장 보류, 검증 실패 1개
[900/3661] 파라텍(033540) - 저장 보류, 검증 실패 1개
[901/3661] 블루콤(033560) - 저장 보류, 검증 실패 1개
[902/3661] 네패스(033640) - 저장 보류, 검증 실패 1개
[903/3661] KT&G(033780) - 저장 보류, 검증 실패 1개
[904/3661] 피노(033790) - 저장 보류, 검증 실패 1개
[905/3661] 티비씨(033830) - 저장 보류, 검증 실패 1개
[906/3661] 무학(033920) - 저장 보류, 검증 실패 1개
[907/3661] 두산에너빌리티(034020) - 저장 보류, 검증 실패 1개
[908/3661] SBS(034120) - 저장 보류, 검증 실패 1개
[909/3661] LG디스플레이(034220) - 저장 보류, 검증 실패 1개
[910/3661] 파라다이스(034230) - 저장 보류, 검증 실패 1개
[911/3661] NICE(034310) - 저장 보류, 검증 실패 1개
[912/3661] 인천도시가스(034590) - 저장 보류, 검증 실패 1개
[913/3661] SK(034730) - 저장 보류, 검증 실패 1개
[914/3661] 해성산업(034810) - 저장 보류, 검증 실패 1개
[915/3661] 한국토지신탁(034830) - DART 데이터 없음
[916/3661] 조아제약(034940) - 저장 보류, 검증 실패 1개
[917/3661] 한국기업평가(034950) - 저장 보류, 검증 실패 1개
[918/3661] HS애드(035000) - 저장 보류, 검증 실패 1개
[919/3661] 그래디언트(035080) - 저장 보류, 검증 실패 1개
[920/3661] 백산(035150) - 저장 보류, 검증 실패 1개
[921/3661] 프럼파스트(035200) - 저장 보류, 검증 실패 1개
[922/3661] 강원랜드(035250) - 저장 보류, 검증 실패 1개
[923/3661] 골드앤에스(035290) - 저장 보류, 검증 실패 1개
[924/3661] NAVER(035420) - 저장 보류, 검증 실패 1개
[925/3661] 기산텔레콤(035460) - 저장 보류, 검증 실패 1개
[926/3661] 신세계 I&C(035510) - 저장 보류, 검증 실패 1개
[927/3661] KG이니시스(035600) - 저장 보류, 검증 실패 1개
[928/3661] 솔본(035610) - 저장 보류, 검증 실패 1개
[929/3661] 바른손이앤에이(035620) - 저장 보류, 검증 실패 1개
[930/3661] 카카오(035720) - 저장 보류, 검증 실패 1개
[931/3661] CJ ENM(035760) - 저장 보류, 검증 실패 1개
[932/3661] 이지홀딩스(035810) - 저장 보류, 검증 실패 1개
[933/3661] 서희건설(035890) - 저장 보류, 검증 실패 1개
[934/3661] JYP Ent.(035900) - 저장 보류, 검증 실패 1개
[935/3661] 예림당(036000) - 저장 보류, 검증 실패 1개
[936/3661] 아비코전자(036010) - 저장 보류, 검증 실패 1개
[937/3661] 케이티알파(036030) - 저장 보류, 검증 실패 1개
[938/3661] 위지트(036090) - 저장 보류, 검증 실패 1개
[939/3661] 서울평가정보(036120) - 저장 보류, 검증 실패 1개
[940/3661] 에이치엠넥스(036170) - 저장 보류, 검증 실패 1개
[941/3661] 지더블유바이텍(036180) - 저장 보류, 검증 실패 1개
[942/3661] 금화피에스시(036190) - 저장 보류, 검증 실패 1개
[943/3661] 유니셈(036200) - 저장 보류, 검증 실패 1개
[944/3661] 오상헬스케어(036220) - 저장 보류, 검증 실패 1개
[945/3661] 콘텐트리중앙(036420) - 저장 보류, 검증 실패 1개
[946/3661] 한국가스공사(036460) - 저장 보류, 검증 실패 1개
[947/3661] 대성미생물(036480) - 저장 보류, 검증 실패 1개
[948/3661] SNT홀딩스(036530) - 저장 보류, 검증 실패 1개
[949/3661] SFA반도체(036540) - 저장 보류, 검증 실패 1개
[950/3661] KZ정밀(036560) - 저장 보류, 검증 실패 1개
[951/3661] NC(036570) - 저장 보류, 검증 실패 1개
[952/3661] 팜스코(036580) - 저장 보류, 검증 실패 1개
[953/3661] 감성코퍼레이션(036620) - 저장 보류, 검증 실패 1개
[954/3661] 세종텔레콤(036630) - 저장 보류, 검증 실패 1개
[955/3661] HRS(036640) - 저장 보류, 검증 실패 1개
[956/3661] 삼양케이씨아이(036670) - 저장 보류, 검증 실패 1개
[957/3661] 코맥스(036690) - 저장 보류, 검증 실패 1개
[958/3661] 심텍홀딩스(036710) - 저장 보류, 검증 실패 1개
[959/3661] 나이스정보통신(036800) - 저장 보류, 검증 실패 1개
[960/3661] 에프에스티(036810) - 저장 보류, 검증 실패 1개
[961/3661] 솔브레인홀딩스(036830) - 저장 보류, 검증 실패 1개
[962/3661] 진성티이씨(036890) - 저장 보류, 검증 실패 1개
[963/3661] 주성엔지니어링(036930) - 저장 보류, 검증 실패 1개
[964/3661] 파워넷(037030) - 저장 보류, 검증 실패 1개
[965/3661] 파세코(037070) - 저장 보류, 검증 실패 1개
[966/3661] 한국팩키지(037230) - 저장 보류, 검증 실패 1개
[967/3661] YG PLUS(037270) - 저장 보류, 검증 실패 1개
[968/3661] 인지디스플레(037330) - 저장 보류, 검증 실패 1개
[969/3661] 성도이엔지(037350) - 저장 보류, 검증 실패 1개
[970/3661] EG(037370) - 저장 보류, 검증 실패 1개
[971/3661] 우리엔터프라이즈(037400) - 저장 보류, 검증 실패 1개
[972/3661] 희림(037440) - 저장 보류, 검증 실패 1개
[973/3661] 삼지전자(037460) - 저장 보류, 검증 실패 1개
[974/3661] LG헬로비전(037560) - 저장 보류, 검증 실패 1개
[975/3661] 광주신세계(037710) - 저장 보류, 검증 실패 1개
[976/3661] 쎄니트(037760) - 저장 보류, 검증 실패 1개
[977/3661] 엘컴텍(037950) - 저장 보류, 검증 실패 1개
[978/3661] 제일테크노스(038010) - 저장 보류, 검증 실패 1개
[979/3661] 루멘스(038060) - 저장 보류, 검증 실패 1개
[980/3661] 서린바이오(038070) - 저장 보류, 검증 실패 1개
[981/3661] 에코플라스틱(038110) - 저장 보류, 검증 실패 1개
[982/3661] 마크로젠(038290) - 저장 보류, 검증 실패 1개
[983/3661] 레드캡투어(038390) - 저장 보류, 검증 실패 1개
[984/3661] 바이오스마트(038460) - 저장 보류, 검증 실패 1개
[985/3661] 삼표시멘트(038500) - 저장 보류, 검증 실패 1개
[986/3661] 케이바이오랩스(038530) - 저장 보류, 검증 실패 1개
[987/3661] 상상인(038540) - 저장 보류, 검증 실패 1개
[988/3661] 위즈코프(038620) - 저장 보류, 검증 실패 1개
[989/3661] 에스넷(038680) - 저장 보류, 검증 실패 1개
[990/3661] 에코심플렉스(038870) - 저장 보류, 검증 실패 1개
[991/3661] 아이에이(038880) - 저장 보류, 검증 실패 1개
[992/3661] 파인디지털(038950) - 저장 보류, 검증 실패 1개
[993/3661] 현대에이치티(039010) - 저장 보류, 검증 실패 1개
[994/3661] 이건홀딩스(039020) - 저장 보류, 검증 실패 1개
[995/3661] 이오테크닉스(039030) - 저장 보류, 검증 실패 1개
[996/3661] 하나투어(039130) - 저장 보류, 검증 실패 1개
[997/3661] 오스코텍(039200) - 저장 보류, 검증 실패 1개
[998/3661] 경남스틸(039240) - 저장 보류, 검증 실패 1개
[999/3661] 인포뱅크(039290) - 저장 보류, 검증 실패 1개
[1000/3661] 세중(039310) - 저장 보류, 검증 실패 1개
[1001/3661] 한국경제TV(039340) - 저장 보류, 검증 실패 1개
[1002/3661] 케이엘넷(039420) - 저장 보류, 검증 실패 1개
[1003/3661] 에스티아이(039440) - 저장 보류, 검증 실패 1개
[1004/3661] 키움증권(039490) - DART 데이터 없음
[1005/3661] 다산네트웍스(039560) - 저장 보류, 검증 실패 1개
[1006/3661] HDC랩스(039570) - 저장 보류, 검증 실패 1개
[1007/3661] 화성밸브(039610) - 저장 보류, 검증 실패 1개
[1008/3661] 한국정보공학(039740) - 저장 보류, 검증 실패 1개
[1009/3661] 오로라(039830) - 저장 보류, 검증 실패 1개
[1010/3661] 디오(039840) - 저장 보류, 검증 실패 1개
[1011/3661] 나노엔텍(039860) - 저장 보류, 검증 실패 1개
[1012/3661] 폴라리스AI(039980) - 저장 보류, 검증 실패 1개
[1013/3661] 누리플렉스(040160) - 저장 보류, 검증 실패 1개
[1014/3661] YTN(040300) - 저장 보류, 검증 실패 1개
[1015/3661] 크레오에스지(040350) - 저장 보류, 검증 실패 1개
[1016/3661] 정상제이엘에스(040420) - 저장 보류, 검증 실패 1개
[1017/3661] SG&G(040610) - 저장 보류, 검증 실패 1개
[1018/3661] 아이씨디(040910) - 저장 보류, 검증 실패 1개
[1019/3661] 폴라리스오피스(041020) - 저장 보류, 검증 실패 1개
[1020/3661] 우리기술투자(041190) - DART 데이터 없음
[1021/3661] 현대에버다임(041440) - 저장 보류, 검증 실패 1개
[1022/3661] 한국전자인증(041460) - 저장 보류, 검증 실패 1개
[1023/3661] 에스엠(041510) - 저장 보류, 검증 실패 1개
[1024/3661] 이엘씨(041520) - 저장 보류, 검증 실패 1개
[1025/3661] 플래스크(041590) - 저장 보류, 검증 실패 1개
[1026/3661] 상신브레이크(041650) - 저장 보류, 검증 실패 1개
[1027/3661] 인바디(041830) - 저장 보류, 검증 실패 1개
[1028/3661] 폴라리스AI파마(041910) - 저장 보류, 검증 실패 1개
[1029/3661] 메디아나(041920) - 저장 보류, 검증 실패 1개
[1030/3661] 동아화성(041930) - 저장 보류, 검증 실패 1개
[1031/3661] 코미팜(041960) - 저장 보류, 검증 실패 1개
[1032/3661] 카페24(042000) - 저장 보류, 검증 실패 1개
[1033/3661] 케이피엠테크(042040) - 저장 보류, 검증 실패 1개
[1034/3661] 에스씨디(042110) - 저장 보류, 검증 실패 1개
[1035/3661] 비츠로테크(042370) - DART 데이터 없음
[1036/3661] 네오위즈홀딩스(042420) - 저장 보류, 검증 실패 1개
[1037/3661] 링네트(042500) - 저장 보류, 검증 실패 1개
[1038/3661] 라온시큐어(042510) - 저장 보류, 검증 실패 1개
[1039/3661] 한스바이오메드(042520) - DART 데이터 없음
[1040/3661] 새로닉스(042600) - 저장 보류, 검증 실패 1개
[1041/3661] 한화오션(042660) - 저장 보류, 검증 실패 1개
[1042/3661] HD현대인프라코어(042670) - 저장 보류, 검증 실패 1개
[1043/3661] 한미반도체(042700) - 저장 보류, 검증 실패 1개
[1044/3661] 상지건설(042940) - 저장 보류, 검증 실패 1개
[1045/3661] 더테크놀로지(043090) - 저장 보류, 검증 실패 1개
[1046/3661] 알파AI(043100) - 저장 보류, 검증 실패 1개
[1047/3661] 바텍(043150) - 저장 보류, 검증 실패 1개
[1048/3661] 파루(043200) - 저장 보류, 검증 실패 1개
[1049/3661] 티에스넥스젠(043220) - 저장 보류, 검증 실패 1개
[1050/3661] 성호전자(043260) - 저장 보류, 검증 실패 1개
[1051/3661] 에쎈테크(043340) - 저장 보류, 검증 실패 1개
[1052/3661] 디지아이(043360) - 저장 보류, 검증 실패 1개
[1053/3661] 피에이치에이(043370) - 저장 보류, 검증 실패 1개
[1054/3661] 웰킵스하이텍(043590) - 저장 보류, 검증 실패 1개
[1055/3661] KT지니뮤직(043610) - 저장 보류, 검증 실패 1개
[1056/3661] 국순당(043650) - 저장 보류, 검증 실패 1개
[1057/3661] 서울리거(043710) - 저장 보류, 검증 실패 1개
[1058/3661] 자연과환경(043910) - 저장 보류, 검증 실패 1개
[1059/3661] KD(044180) - 저장 보류, 검증 실패 1개
[1060/3661] 위닉스(044340) - 저장 보류, 검증 실패 1개
[1061/3661] 주연테크(044380) - 저장 보류, 검증 실패 1개
[1062/3661] KSS해운(044450) - 저장 보류, 검증 실패 1개
[1063/3661] 빌리언스(044480) - 저장 보류, 검증 실패 1개
[1064/3661] 태웅(044490) - 저장 보류, 검증 실패 1개
[1065/3661] 에이치케이(044780) - 저장 보류, 검증 실패 1개
[1066/3661] 코스맥스비티아이(044820) - 저장 보류, 검증 실패 1개
[1067/3661] 이글벳(044960) - 저장 보류, 검증 실패 1개
[1068/3661] 에이치엔에스하이텍(044990) - DART 데이터 없음
[1069/3661] 오공(045060) - 저장 보류, 검증 실패 1개
[1070/3661] 한양이엔지(045100) - 저장 보류, 검증 실패 1개
[1071/3661] 성우테크론(045300) - 저장 보류, 검증 실패 1개
[1072/3661] 토탈소프트(045340) - 저장 보류, 검증 실패 1개
[1073/3661] 대아티아이(045390) - 저장 보류, 검증 실패 1개
[1074/3661] 정원엔시스(045510) - 저장 보류, 검증 실패 1개
[1075/3661] 크린앤사이언스(045520) - 저장 보류, 검증 실패 1개
[1076/3661] 에이텍(045660) - 저장 보류, 검증 실패 1개
[1077/3661] 코아시아(045970) - 저장 보류, 검증 실패 1개
[1078/3661] 코다코(046070) - 저장 보류, 검증 실패 1개
[1079/3661] 오르비텍(046120) - 저장 보류, 검증 실패 1개
[1080/3661] HLB파나진(046210) - 저장 보류, 검증 실패 1개
[1081/3661] 백금T&A(046310) - 저장 보류, 검증 실패 1개
[1082/3661] 삼화네트웍스(046390) - 저장 보류, 검증 실패 1개
[1083/3661] KG파이낸셜(046440) - 저장 보류, 검증 실패 1개
[1084/3661] 서울반도체(046890) - 저장 보류, 검증 실패 1개
[1085/3661] 우원개발(046940) - 저장 보류, 검증 실패 1개
[1086/3661] 우리로(046970) - 저장 보류, 검증 실패 1개
[1087/3661] 대우건설(047040) - 저장 보류, 검증 실패 1개
[1088/3661] 포스코인터내셔널(047050) - 저장 보류, 검증 실패 1개
[1089/3661] 한빛소프트(047080) - 저장 보류, 검증 실패 1개
[1090/3661] 파워로직스(047310) - 저장 보류, 검증 실패 1개
[1091/3661] 유니온머티리얼(047400) - 저장 보류, 검증 실패 1개
[1092/3661] 이스트소프트(047560) - 저장 보류, 검증 실패 1개
[1093/3661] 코데즈컴바인(047770) - 저장 보류, 검증 실패 1개
[1094/3661] 한국항공우주(047810) - 저장 보류, 검증 실패 1개
[1095/3661] 초록뱀미디어(047820) - 저장 보류, 검증 실패 1개
[1096/3661] HLB제약(047920) - 저장 보류, 검증 실패 1개
[1097/3661] 현대바이오(048410) - 저장 보류, 검증 실패 1개
[1098/3661] 유라테크(048430) - 저장 보류, 검증 실패 1개
[1099/3661] 대동스틸(048470) - 저장 보류, 검증 실패 1개
[1100/3661] 인트론바이오(048530) - 저장 보류, 검증 실패 1개
[1101/3661] SM C&C(048550) - 저장 보류, 검증 실패 1개
[1102/3661] TPC로보틱스(048770) - 저장 보류, 검증 실패 1개
[1103/3661] 엔피케이(048830) - 저장 보류, 검증 실패 1개
[1104/3661] 시너지이노베이션(048870) - 저장 보류, 검증 실패 1개
[1105/3661] 대원미디어(048910) - 저장 보류, 검증 실패 1개
[1106/3661] 인탑스(049070) - 저장 보류, 검증 실패 1개
[1107/3661] 기가레인(049080) - 저장 보류, 검증 실패 1개
[1108/3661] 파인디앤씨(049120) - 저장 보류, 검증 실패 1개
[1109/3661] 셀루메드(049180) - 저장 보류, 검증 실패 1개
[1110/3661] 코메론(049430) - 저장 보류, 검증 실패 1개
[1111/3661] 비트플래닛(049470) - 저장 보류, 검증 실패 1개
[1112/3661] 오픈베이스(049480) - 저장 보류, 검증 실패 1개
[1113/3661] 유아이엘(049520) - 저장 보류, 검증 실패 1개
[1114/3661] 잉크테크(049550) - 저장 보류, 검증 실패 1개
[1115/3661] 재영솔루텍(049630) - 저장 보류, 검증 실패 1개
[1116/3661] 고려신용정보(049720) - 저장 보류, 검증 실패 1개
[1117/3661] 우진플라임(049800) - 저장 보류, 검증 실패 1개
[1118/3661] 승일(049830) - 저장 보류, 검증 실패 1개
[1119/3661] 미래컴퍼니(049950) - 저장 보류, 검증 실패 1개
[1120/3661] 쎌바이오텍(049960) - 저장 보류, 검증 실패 1개
[1121/3661] 비케이홀딩스(050090) - 저장 보류, 검증 실패 1개
[1122/3661] 캠시스(050110) - 저장 보류, 검증 실패 1개
[1123/3661] ES큐브(050120) - 저장 보류, 검증 실패 1개
[1124/3661] 에스폴리텍(050760) - 저장 보류, 검증 실패 1개
[1125/3661] 아세아텍(050860) - 저장 보류, 검증 실패 1개
[1126/3661] 쏠리드(050890) - 저장 보류, 검증 실패 1개
[1127/3661] 수산아이앤티(050960) - 저장 보류, 검증 실패 1개
[1128/3661] 지어소프트(051160) - 저장 보류, 검증 실패 1개
[1129/3661] 토비스(051360) - 저장 보류, 검증 실패 1개
[1130/3661] 인터플렉스(051370) - 저장 보류, 검증 실패 1개
[1131/3661] 피씨디렉트(051380) - 저장 보류, 검증 실패 1개
[1132/3661] YW(051390) - 저장 보류, 검증 실패 1개
[1133/3661] 나라엠앤디(051490) - 저장 보류, 검증 실패 1개
[1134/3661] CJ프레시웨이(051500) - 저장 보류, 검증 실패 1개
[1135/3661] 한전KPS(051600) - 저장 보류, 검증 실패 1개
[1136/3661] 진양화학(051630) - 저장 보류, 검증 실패 1개
[1137/3661] 큐로홀딩스(051780) - 저장 보류, 검증 실패 1개
[1138/3661] LG생활건강(051900) - 저장 보류, 검증 실패 1개
[1139/3661] LG화학(051910) - 저장 보류, 검증 실패 1개
[1140/3661] 중앙첨단소재(051980) - 저장 보류, 검증 실패 1개
[1141/3661] 에스티큐브(052020) - 저장 보류, 검증 실패 1개
[1142/3661] iMBC(052220) - 저장 보류, 검증 실패 1개
[1143/3661] 현대바이오랜드(052260) - 저장 보류, 검증 실패 1개
[1144/3661] 오션인더블유(052300) - 저장 보류, 검증 실패 1개
[1145/3661] 코텍(052330) - 저장 보류, 검증 실패 1개
[1146/3661] 코나아이(052400) - 저장 보류, 검증 실패 1개
[1147/3661] 오성첨단소재(052420) - 저장 보류, 검증 실패 1개
[1148/3661] 아이크래프트(052460) - 저장 보류, 검증 실패 1개
[1149/3661] 한네트(052600) - 저장 보류, 검증 실패 1개
[1150/3661] 제일바이오(052670) - 저장 보류, 검증 실패 1개
[1151/3661] 한전기술(052690) - 저장 보류, 검증 실패 1개
[1152/3661] 아모텍(052710) - 저장 보류, 검증 실패 1개
[1153/3661] 아이톡시(052770) - 저장 보류, 검증 실패 1개
[1154/3661] 액토즈소프트(052790) - 저장 보류, 검증 실패 1개
[1155/3661] 아이앤씨(052860) - 저장 보류, 검증 실패 1개
[1156/3661] KX하이텍(052900) - 저장 보류, 검증 실패 1개
[1157/3661] 바이넥스(053030) - 저장 보류, 검증 실패 1개
[1158/3661] 지에스이(053050) - 저장 보류, 검증 실패 1개
[1159/3661] 세동(053060) - 저장 보류, 검증 실패 1개
[1160/3661] 케이엔솔(053080) - DART 데이터 없음
[1161/3661] 프리엠스(053160) - 저장 보류, 검증 실패 1개
[1162/3661] 스카이라이프(053210) - 저장 보류, 검증 실패 1개
[1163/3661] 금강철강(053260) - 저장 보류, 검증 실패 1개
[1164/3661] 구영테크(053270) - 저장 보류, 검증 실패 1개
[1165/3661] 예스24(053280) - 저장 보류, 검증 실패 1개
[1166/3661] NE능률(053290) - 저장 보류, 검증 실패 1개
[1167/3661] 한국정보인증(053300) - 저장 보류, 검증 실패 1개
[1168/3661] 이니텍(053350) - 저장 보류, 검증 실패 1개
[1169/3661] 세코닉스(053450) - 저장 보류, 검증 실패 1개
[1170/3661] 웹케시(053580) - DART 데이터 없음
[1171/3661] 프로텍(053610) - 저장 보류, 검증 실패 1개
[1172/3661] 태양(053620) - 저장 보류, 검증 실패 1개
[1173/3661] 한미글로벌(053690) - 저장 보류, 검증 실패 1개
[1174/3661] 삼보모터스(053700) - 저장 보류, 검증 실패 1개
[1175/3661] 안랩(053800) - 저장 보류, 검증 실패 1개
[1176/3661] 경남제약(053950) - 저장 보류, 검증 실패 1개
[1177/3661] 오상자이엘(053980) - 저장 보류, 검증 실패 1개
[1178/3661] 한국컴퓨터(054040) - 저장 보류, 검증 실패 1개
[1179/3661] 농우바이오(054050) - 저장 보류, 검증 실패 1개
[1180/3661] 삼진엘앤디(054090) - 저장 보류, 검증 실패 1개
[1181/3661] 메디콕스(054180) - 저장 보류, 검증 실패 1개
[1182/3661] 이랜텍(054210) - 저장 보류, 검증 실패 1개
[1183/3661] 비츠로시스(054220) - 저장 보류, 검증 실패 1개
[1184/3661] 팬스타엔터프라이즈(054300) - 저장 보류, 검증 실패 1개
[1185/3661] 케이피티유(054410) - 저장 보류, 검증 실패 1개
[1186/3661] 텔레칩스(054450) - 저장 보류, 검증 실패 1개
[1187/3661] 삼영엠텍(054540) - 저장 보류, 검증 실패 1개
[1188/3661] APS(054620) - 저장 보류, 검증 실패 1개
[1189/3661] 에이디칩스(054630) - 저장 보류, 검증 실패 1개
[1190/3661] 대한뉴팜(054670) - 저장 보류, 검증 실패 1개
[1191/3661] 키이스트(054780) - 저장 보류, 검증 실패 1개
[1192/3661] 아이디스홀딩스(054800) - 저장 보류, 검증 실패 1개
[1193/3661] 한컴위드(054920) - 저장 보류, 검증 실패 1개
[1194/3661] 유신(054930) - 저장 보류, 검증 실패 1개
[1195/3661] 엑사이엔씨(054940) - 저장 보류, 검증 실패 1개
[1196/3661] 제이브이엠(054950) - 저장 보류, 검증 실패 1개
[1197/3661] 테이팩스(055490) - 저장 보류, 검증 실패 1개
[1198/3661] 신한지주(055550) - DART 데이터 없음
[1199/3661] 유진로봇(056080) - 저장 보류, 검증 실패 1개
[1200/3661] 시지메드텍(056090) - 저장 보류, 검증 실패 1개
[1201/3661] 에스에프에이(056190) - 저장 보류, 검증 실패 1개
[1202/3661] 코위버(056360) - 저장 보류, 검증 실패 1개
[1203/3661] 신화인터텍(056700) - 저장 보류, 검증 실패 1개
[1204/3661] CNT85(056730) - 저장 보류, 검증 실패 1개
[1205/3661] YBM넷(057030) - 저장 보류, 검증 실패 1개
[1206/3661] 현대홈쇼핑(057050) - 저장 보류, 검증 실패 1개
[1207/3661] 옴니시스템(057540) - 저장 보류, 검증 실패 1개
[1208/3661] 티사이언티픽(057680) - 저장 보류, 검증 실패 1개
[1209/3661] 푸른소나무(057880) - 저장 보류, 검증 실패 1개
[1210/3661] 멕아이씨에스(058110) - 저장 보류, 검증 실패 1개
[1211/3661] KNN(058400) - 저장 보류, 검증 실패 1개
[1212/3661] 포스코스틸리온(058430) - 저장 보류, 검증 실패 1개
[1213/3661] 한주에이알티(058450) - 저장 보류, 검증 실패 1개
[1214/3661] 리노공업(058470) - 저장 보류, 검증 실패 1개
[1215/3661] 에스피지(058610) - 저장 보류, 검증 실패 1개
[1216/3661] 엠게임(058630) - 저장 보류, 검증 실패 1개
[1217/3661] 세아홀딩스(058650) - 저장 보류, 검증 실패 1개
[1218/3661] 다스코(058730) - 저장 보류, 검증 실패 1개
[1219/3661] CMG제약(058820) - 저장 보류, 검증 실패 1개
[1220/3661] KTcs(058850) - 저장 보류, 검증 실패 1개
[1221/3661] KTis(058860) - 저장 보류, 검증 실패 1개
[1222/3661] 엠로(058970) - DART 데이터 없음
[1223/3661] 미코(059090) - 저장 보류, 검증 실패 1개
[1224/3661] 아이컴포넌트(059100) - 저장 보류, 검증 실패 1개
[1225/3661] 아진엑스텍(059120) - 저장 보류, 검증 실패 1개
[1226/3661] 메타바이오메드(059210) - 저장 보류, 검증 실패 1개
[1227/3661] 해성에어로보틱스(059270) - DART 데이터 없음
[1228/3661] 인선이엔티(060150) - 저장 보류, 검증 실패 1개
[1229/3661] 제이케이시냅스(060230) - 저장 보류, 검증 실패 1개
[1230/3661] 스타코링크(060240) - 저장 보류, 검증 실패 1개
[1231/3661] NHN KCP(060250) - 저장 보류, 검증 실패 1개
[1232/3661] 뉴보텍(060260) - 저장 보류, 검증 실패 1개
[1233/3661] 큐렉소(060280) - 저장 보류, 검증 실패 1개
[1234/3661] 3S(060310) - 저장 보류, 검증 실패 1개
[1235/3661] LS마린솔루션(060370) - 저장 보류, 검증 실패 1개
[1236/3661] 동양에스텍(060380) - 저장 보류, 검증 실패 1개
[1237/3661] 국일신동(060480) - 저장 보류, 검증 실패 1개
[1238/3661] 에스에이티(060540) - 저장 보류, 검증 실패 1개
[1239/3661] HC홈센타(060560) - 저장 보류, 검증 실패 1개
[1240/3661] 드림어스컴퍼니(060570) - 저장 보류, 검증 실패 1개
[1241/3661] 씨티씨바이오(060590) - 저장 보류, 검증 실패 1개
[1242/3661] KH바텍(060720) - 저장 보류, 검증 실패 1개
[1243/3661] 영림원소프트랩(060850) - DART 데이터 없음
[1244/3661] 에이전트AI(060900) - 저장 보류, 검증 실패 1개
[1245/3661] HL홀딩스(060980) - 저장 보류, 검증 실패 1개
[1246/3661] 알에프텍(061040) - 저장 보류, 검증 실패 1개
[1247/3661] 세나테크놀로지(061090) - DART 데이터 없음
[1248/3661] 화일약품(061250) - 저장 보류, 검증 실패 1개
[1249/3661] LB세미콘(061970) - 저장 보류, 검증 실패 1개
[1250/3661] 산일전기(062040) - DART 데이터 없음
[1251/3661] 한국첨단소재(062970) - DART 데이터 없음
[1252/3661] 컴투스홀딩스(063080) - 저장 보류, 검증 실패 1개
[1253/3661] 종근당바이오(063160) - 저장 보류, 검증 실패 1개
[1254/3661] 서울옥션(063170) - 저장 보류, 검증 실패 1개
[1255/3661] SM Life Design(063440) - 저장 보류, 검증 실패 1개
[1256/3661] NICE인프라(063570) - 저장 보류, 검증 실패 1개
[1257/3661] 이엘피(063760) - 저장 보류, 검증 실패 1개
[1258/3661] 인크레더블버즈(064090) - 저장 보류, 검증 실패 1개
[1259/3661] 홈캐스트(064240) - 저장 보류, 검증 실패 1개
[1260/3661] 다날(064260) - 저장 보류, 검증 실패 1개
[1261/3661] 인텍플러스(064290) - 저장 보류, 검증 실패 1개
[1262/3661] 현대로템(064350) - 저장 보류, 검증 실패 1개
[1263/3661] LG씨엔에스(064400) - DART 데이터 없음
[1264/3661] 브리지텍(064480) - 저장 보류, 검증 실패 1개
[1265/3661] 테크엘(064520) - 저장 보류, 검증 실패 1개
[1266/3661] 바이오니아(064550) - 저장 보류, 검증 실패 1개
[1267/3661] 티씨케이(064760) - 저장 보류, 검증 실패 1개
[1268/3661] 포니링크(064800) - 저장 완료, 누락 3개
[1269/3661] 케이프(064820) - 저장 보류, 검증 실패 1개
[1270/3661] 에프앤가이드(064850) - 저장 보류, 검증 실패 1개
[1271/3661] SNT모티브(064960) - 저장 보류, 검증 실패 1개
[1272/3661] 지엔코(065060) - 저장 보류, 검증 실패 1개
[1273/3661] 탑엔지니어링(065130) - 저장 보류, 검증 실패 1개
[1274/3661] 대산F&B(065150) - 저장 보류, 검증 실패 1개
[1275/3661] 비엘팜텍(065170) - 저장 보류, 검증 실패 1개
[1276/3661] 신성델타테크(065350) - 저장 보류, 검증 실패 1개
[1277/3661] 위세아이텍(065370) - DART 데이터 없음
[1278/3661] 에스아이리소스(065420) - 저장 보류, 검증 실패 1개
[1279/3661] 이루온(065440) - 저장 보류, 검증 실패 1개
[1280/3661] 빅텍(065450) - 저장 보류, 검증 실패 1개
[1281/3661] 오리엔트정공(065500) - 저장 보류, 검증 실패 1개
[1282/3661] 휴비츠(065510) - 저장 보류, 검증 실패 1개
[1283/3661] 와이어블(065530) - 저장 보류, 검증 실패 1개
[1284/3661] 삼영이엔씨(065570) - 저장 보류, 검증 실패 1개
[1285/3661] 하이퍼코퍼레이션(065650) - 저장 보류, 검증 실패 1개
[1286/3661] 안트로젠(065660) - 저장 보류, 검증 실패 1개
[1287/3661] 우주일렉트로(065680) - 저장 보류, 검증 실패 1개
[1288/3661] 파커스(065690) - 저장 보류, 검증 실패 1개
[1289/3661] 서호전기(065710) - 저장 보류, 검증 실패 1개
[1290/3661] CS(065770) - 저장 보류, 검증 실패 1개
[1291/3661] 웰크론(065950) - 저장 보류, 검증 실패 1개
[1292/3661] 하츠(066130) - 저장 보류, 검증 실패 1개
[1293/3661] 큐에스아이(066310) - 저장 보류, 검증 실패 1개
[1294/3661] 체리부로(066360) - 저장 보류, 검증 실패 1개
[1295/3661] 버킷스튜디오(066410) - 저장 보류, 검증 실패 1개
[1296/3661] 아이로보틱스(066430) - 저장 보류, 검증 실패 1개
[1297/3661] LG전자(066570) - 저장 보류, 검증 실패 1개
[1298/3661] 스모트로닉(066590) - 저장 보류, 검증 실패 1개
[1299/3661] 국보디자인(066620) - 저장 보류, 검증 실패 1개
[1300/3661] 디티씨(066670) - 저장 보류, 검증 실패 1개
[1301/3661] 테라젠이텍스(066700) - 저장 보류, 검증 실패 1개
[1302/3661] 씨씨에스(066790) - 저장 보류, 검증 실패 1개
[1303/3661] 디에이피(066900) - 저장 보류, 검증 실패 1개
[1304/3661] 손오공(066910) - 저장 보류, 검증 실패 1개
[1305/3661] 엘앤에프(066970) - 저장 보류, 검증 실패 1개
[1306/3661] 한성크린텍(066980) - 저장 보류, 검증 실패 1개
[1307/3661] 조이시티(067000) - 저장 보류, 검증 실패 1개
[1308/3661] 이씨에스(067010) - 저장 보류, 검증 실패 1개
[1309/3661] 대화제약(067080) - 저장 보류, 검증 실패 1개
[1310/3661] SOOP(067160) - 저장 보류, 검증 실패 1개
[1311/3661] 오텍(067170) - 저장 보류, 검증 실패 1개
[1312/3661] 멀티캠퍼스(067280) - 저장 보류, 검증 실패 1개
[1313/3661] JW신약(067290) - 저장 보류, 검증 실패 1개
[1314/3661] 하나마이크론(067310) - 저장 보류, 검증 실패 1개
[1315/3661] 선바이오(067370) - DART 데이터 없음
[1316/3661] 아스트(067390) - 저장 보류, 검증 실패 1개
[1317/3661] 엔브이에이치코리아(067570) - 저장 보류, 검증 실패 1개
[1318/3661] HLB생명과학(067630) - 저장 보류, 검증 실패 1개
[1319/3661] 로지시스(067730) - 저장 보류, 검증 실패 1개
[1320/3661] 세진티에스(067770) - 저장 보류, 검증 실패 1개
[1321/3661] 세이브존I&C(067830) - 저장 보류, 검증 실패 1개
[1322/3661] 와이엔텍(067900) - 저장 보류, 검증 실패 1개
[1323/3661] 이글루(067920) - 저장 보류, 검증 실패 1개
[1324/3661] 도이치모터스(067990) - 저장 보류, 검증 실패 1개
[1325/3661] 팬엔터테인먼트(068050) - 저장 보류, 검증 실패 1개
[1326/3661] 케이웨더(068100) - DART 데이터 없음
[1327/3661] 다원시스(068240) - 저장 보류, 검증 실패 1개
[1328/3661] 셀트리온(068270) - 저장 보류, 검증 실패 1개
[1329/3661] 삼성출판사(068290) - 저장 보류, 검증 실패 1개
[1330/3661] 일신바이오(068330) - 저장 보류, 검증 실패 1개
[1331/3661] 셀트리온제약(068760) - 저장 보류, 검증 실패 1개
[1332/3661] DMS(068790) - 저장 보류, 검증 실패 1개
[1333/3661] 디지털대성(068930) - 저장 보류, 검증 실패 1개
[1334/3661] 셀피글로벌(068940) - 저장 보류, 검증 실패 1개
[1335/3661] 웹젠(069080) - 저장 보류, 검증 실패 1개
[1336/3661] 누리플랜(069140) - 저장 보류, 검증 실패 1개
[1337/3661] TKG휴켐스(069260) - 저장 보류, 검증 실패 1개
[1338/3661] 유아이디(069330) - 저장 보류, 검증 실패 1개
[1339/3661] 엔텔스(069410) - 저장 보류, 검증 실패 1개
[1340/3661] 대호에이엘(069460) - 저장 보류, 검증 실패 1개
[1341/3661] KODEX 200(069500) - corp_code 없음
[1342/3661] 에스텍(069510) - 저장 보류, 검증 실패 1개
[1343/3661] 빛과전자(069540) - 저장 보류, 검증 실패 1개
[1344/3661] 대웅제약(069620) - 저장 보류, 검증 실패 1개
[1345/3661] 한세엠케이(069640) - 저장 보류, 검증 실패 1개
[1346/3661] KIWOOM 200(069660) - corp_code 없음
[1347/3661] DSR제강(069730) - 저장 보류, 검증 실패 1개
[1348/3661] 엑시온그룹(069920) - 저장 보류, 검증 실패 1개
[1349/3661] 현대백화점(069960) - 저장 보류, 검증 실패 1개
[1350/3661] 엑스큐어(070300) - 저장 보류, 검증 실패 1개
[1351/3661] 인티큐브(070590) - 저장 보류, 검증 실패 1개
[1352/3661] 모나용평(070960) - 저장 보류, 검증 실패 1개
[1353/3661] 한국금융지주(071050) - DART 데이터 없음
[1354/3661] 하이스틸(071090) - 저장 보류, 검증 실패 1개
[1355/3661] 인피니트헬스케어(071200) - 저장 보류, 검증 실패 1개
[1356/3661] 로체시스템즈(071280) - 저장 보류, 검증 실패 1개
[1357/3661] 지역난방공사(071320) - 저장 보류, 검증 실패 1개
[1358/3661] 에이테크솔루션(071670) - 저장 보류, 검증 실패 1개
[1359/3661] 롯데하이마트(071840) - 저장 보류, 검증 실패 1개
[1360/3661] 캐스텍코리아(071850) - 저장 보류, 검증 실패 1개
[1361/3661] 코아스(071950) - 저장 보류, 검증 실패 1개
[1362/3661] HD현대마린엔진(071970) - 저장 보류, 검증 실패 1개
[1363/3661] 중앙백신(072020) - 저장 보류, 검증 실패 1개
[1364/3661] 유엔젤(072130) - 저장 보류, 검증 실패 1개
[1365/3661] 우리산업홀딩스(072470) - 저장 보류, 검증 실패 1개
[1366/3661] 농심홀딩스(072710) - 저장 보류, 검증 실패 1개
[1367/3661] 멤레이비티(072770) - 저장 보류, 검증 실패 1개
[1368/3661] 메가스터디(072870) - 저장 보류, 검증 실패 1개
[1369/3661] 빛샘전자(072950) - 저장 보류, 검증 실패 1개
[1370/3661] 에이치시티(072990) - 저장 보류, 검증 실패 1개
[1371/3661] 케이에스피(073010) - 저장 보류, 검증 실패 1개
[1372/3661] 엘엠에스(073110) - 저장 보류, 검증 실패 1개
[1373/3661] 듀오백(073190) - 저장 보류, 검증 실패 1개
[1374/3661] 금호타이어(073240) - 저장 보류, 검증 실패 1개
[1375/3661] LIG아큐버(073490) - 저장 보류, 검증 실패 1개
[1376/3661] 에프알텍(073540) - 저장 보류, 검증 실패 1개
[1377/3661] 우리손에프앤지(073560) - 저장 보류, 검증 실패 1개
[1378/3661] 리튬포어스(073570) - 저장 보류, 검증 실패 1개
[1379/3661] 테라사이언스(073640) - 저장 보류, 검증 실패 1개
[1380/3661] 아미노로직스(074430) - 저장 보류, 검증 실패 1개
[1381/3661] 원익QnC(074600) - 저장 보류, 검증 실패 1개
[1382/3661] 이엔플러스(074610) - 저장 보류, 검증 실패 1개
[1383/3661] 플랜티넷(075130) - 저장 보류, 검증 실패 1개
[1384/3661] 새론오토모티브(075180) - 저장 보류, 검증 실패 1개
[1385/3661] 세진중공업(075580) - 저장 보류, 검증 실패 1개
[1386/3661] 동국알앤에스(075970) - 저장 보류, 검증 실패 1개
[1387/3661] 웰크론한텍(076080) - 저장 보류, 검증 실패 1개
[1388/3661] 해성옵틱스(076610) - 저장 보류, 검증 실패 1개
[1389/3661] 덕산하이메탈(077360) - 저장 보류, 검증 실패 1개
[1390/3661] 유니퀘스트(077500) - 저장 보류, 검증 실패 1개
[1391/3661] STX엔진(077970) - 저장 보류, 검증 실패 1개
[1392/3661] 텔코웨어(078000) - 저장 보류, 검증 실패 1개
[1393/3661] LS증권(078020) - DART 데이터 없음
[1394/3661] 유비쿼스홀딩스(078070) - 저장 보류, 검증 실패 1개
[1395/3661] 국일제지(078130) - 저장 보류, 검증 실패 1개
[1396/3661] 대봉엘에스(078140) - 저장 보류, 검증 실패 1개
[1397/3661] HB테크놀러지(078150) - 저장 보류, 검증 실패 1개
[1398/3661] 메디포스트(078160) - 저장 보류, 검증 실패 1개
[1399/3661] 컴투스(078340) - 저장 보류, 검증 실패 1개
[1400/3661] 한양디지텍(078350) - 저장 보류, 검증 실패 1개
[1401/3661] 에이블씨엔씨(078520) - 저장 보류, 검증 실패 1개
[1402/3661] 휴림에이텍(078590) - 저장 보류, 검증 실패 1개
[1403/3661] 대주전자재료(078600) - 저장 보류, 검증 실패 1개
[1404/3661] 스테이지원엔터(078860) - 저장 보류, 검증 실패 1개
[1405/3661] 가온그룹(078890) - 저장 보류, 검증 실패 1개
[1406/3661] GS(078930) - 저장 보류, 검증 실패 1개
[1407/3661] 와토스코리아(079000) - 저장 보류, 검증 실패 1개
[1408/3661] CJ CGV(079160) - 저장 보류, 검증 실패 1개
[1409/3661] 한창산업(079170) - 저장 보류, 검증 실패 1개
[1410/3661] 케스피온(079190) - 저장 보류, 검증 실패 1개
[1411/3661] 제우스(079370) - 저장 보류, 검증 실패 1개
[1412/3661] 현대리바트(079430) - 저장 보류, 검증 실패 1개
[1413/3661] LIG디펜스앤에어로스페이스(079550) - 저장 보류, 검증 실패 1개
[1414/3661] 서산(079650) - 저장 보류, 검증 실패 1개
[1415/3661] APS이노베이션(079810) - 저장 보류, 검증 실패 1개
[1416/3661] 전진건설로봇(079900) - DART 데이터 없음
[1417/3661] 가비아(079940) - 저장 보류, 검증 실패 1개
[1418/3661] 인베니아(079950) - 저장 보류, 검증 실패 1개
[1419/3661] 동양이엔피(079960) - 저장 보류, 검증 실패 1개
[1420/3661] 투비소프트(079970) - 저장 보류, 검증 실패 1개
[1421/3661] 휴비스(079980) - 저장 보류, 검증 실패 1개
[1422/3661] 이상네트웍스(080010) - 저장 보류, 검증 실패 1개
[1423/3661] 모두투어(080160) - 저장 보류, 검증 실패 1개
[1424/3661] 제주반도체(080220) - 저장 완료, 누락 1개
[1425/3661] 모다이노칩(080420) - 저장 보류, 검증 실패 1개
[1426/3661] 성창오토텍(080470) - 저장 보류, 검증 실패 1개
[1427/3661] 오디텍(080520) - 저장 보류, 검증 실패 1개
[1428/3661] 코디(080530) - 저장 보류, 검증 실패 1개
[1429/3661] 오킨스전자(080580) - 저장 보류, 검증 실패 1개
[1430/3661] 한국유니온제약(080720) - DART 데이터 없음
[1431/3661] 일진다이아(081000) - 저장 보류, 검증 실패 1개
[1432/3661] 티플랙스(081150) - 저장 보류, 검증 실패 1개
[1433/3661] 쎄크(081180) - DART 데이터 없음
[1434/3661] 성우전자(081580) - 저장 보류, 검증 실패 1개
[1435/3661] 미스토홀딩스(081660) - 저장 보류, 검증 실패 1개
[1436/3661] 옵트론텍(082210) - 저장 보류, 검증 실패 1개
[1437/3661] 젬백스(082270) - 저장 보류, 검증 실패 1개
[1438/3661] 동양생명(082640) - DART 데이터 없음
[1439/3661] 코스나인(082660) - 저장 보류, 검증 실패 1개
[1440/3661] 한화엔진(082740) - 저장 보류, 검증 실패 1개
[1441/3661] 비보존 제약(082800) - 저장 보류, 검증 실패 1개
[1442/3661] 우리바이오(082850) - 저장 보류, 검증 실패 1개
[1443/3661] 비츠로셀(082920) - 저장 보류, 검증 실패 1개
[1444/3661] 엘오티베큠(083310) - 저장 보류, 검증 실패 1개
[1445/3661] 그린케미칼(083420) - 저장 보류, 검증 실패 1개
[1446/3661] GST(083450) - 저장 보류, 검증 실패 1개
[1447/3661] 이엠앤아이(083470) - 저장 보류, 검증 실패 1개
[1448/3661] 에프엔에스테크(083500) - 저장 보류, 검증 실패 1개
[1449/3661] 케이엠(083550) - 저장 보류, 검증 실패 1개
[1450/3661] 인콘(083640) - 저장 보류, 검증 실패 1개
[1451/3661] 비에이치아이(083650) - 저장 보류, 검증 실패 1개
[1452/3661] CSA 코스믹(083660) - 저장 보류, 검증 실패 1개
[1453/3661] CG인바이츠(083790) - 저장 보류, 검증 실패 1개
[1454/3661] 아바코(083930) - 저장 보류, 검증 실패 1개
[1455/3661] 대한제강(084010) - 저장 보류, 검증 실패 1개
[1456/3661] 휴온스글로벌(084110) - 저장 보류, 검증 실패 1개
[1457/3661] 수성웹툰(084180) - 저장 보류, 검증 실패 1개
[1458/3661] 유진테크(084370) - 저장 보류, 검증 실패 1개
[1459/3661] 유비온(084440) - DART 데이터 없음
[1460/3661] 랩지노믹스(084650) - 저장 보류, 검증 실패 1개
[1461/3661] 동양고속(084670) - 저장 보류, 검증 실패 1개
[1462/3661] 이월드(084680) - 저장 보류, 검증 실패 1개
[1463/3661] 대상홀딩스(084690) - 저장 보류, 검증 실패 1개
[1464/3661] 팅크웨어(084730) - 저장 보류, 검증 실패 1개
[1465/3661] 아이티엠반도체(084850) - DART 데이터 없음
[1466/3661] TBH글로벌(084870) - 저장 보류, 검증 실패 1개
[1467/3661] 헬릭스미스(084990) - 저장 보류, 검증 실패 1개
[1468/3661] 엔케이(085310) - 저장 보류, 검증 실패 1개
[1469/3661] 미래에셋생명(085620) - DART 데이터 없음
[1470/3661] 차바이오텍(085660) - 저장 보류, 검증 실패 1개
[1471/3661] 뉴프렉스(085670) - 저장 보류, 검증 실패 1개
[1472/3661] 알티캐스트(085810) - 저장 보류, 검증 실패 1개
[1473/3661] 네오티스(085910) - 저장 보류, 검증 실패 1개
[1474/3661] 바이오톡스텍(086040) - 저장 보류, 검증 실패 1개
[1475/3661] 진바이오텍(086060) - 저장 보류, 검증 실패 1개
[1476/3661] 현대글로비스(086280) - 저장 보류, 검증 실패 1개
[1477/3661] 유니테스트(086390) - 저장 보류, 검증 실패 1개
[1478/3661] 동국제약(086450) - 저장 보류, 검증 실패 1개
[1479/3661] 에코프로(086520) - 저장 보류, 검증 실패 1개
[1480/3661] 비엠티(086670) - 저장 보류, 검증 실패 1개
[1481/3661] 선진뷰티사이언스(086710) - DART 데이터 없음
[1482/3661] 하나금융지주(086790) - DART 데이터 없음
[1483/3661] 바이오솔루션(086820) - DART 데이터 없음
[1484/3661] 이수앱지스(086890) - 저장 보류, 검증 실패 1개
[1485/3661] 메디톡스(086900) - 저장 보류, 검증 실패 1개
[1486/3661] MDS테크(086960) - 저장 보류, 검증 실패 1개
[1487/3661] 쇼박스(086980) - 저장 보류, 검증 실패 1개
[1488/3661] 펩트론(087010) Traceback (most recent call last):
  File "/Users/myunghoon/my-stock-scheduler/.venv/lib/python3.12/site-packages/urllib3/connectionpool.py", line 464, in _make_request
    self._validate_conn(conn)
  File "/Users/myunghoon/my-stock-scheduler/.venv/lib/python3.12/site-packages/urllib3/connectionpool.py", line 1093, in _validate_conn
    conn.connect()
  File "/Users/myunghoon/my-stock-scheduler/.venv/lib/python3.12/site-packages/urllib3/connection.py", line 796, in connect
    sock_and_verified = _ssl_wrap_socket_and_match_hostname(
                        ^^^^^^^^^^^^^^^^^^^^^^^^^^^^^^^^^^^^
  File "/Users/myunghoon/my-stock-scheduler/.venv/lib/python3.12/site-packages/urllib3/connection.py", line 975, in _ssl_wrap_socket_and_match_hostname
    ssl_sock = ssl_wrap_socket(
               ^^^^^^^^^^^^^^^^
  File "/Users/myunghoon/my-stock-scheduler/.venv/lib/python3.12/site-packages/urllib3/util/ssl_.py", line 483, in ssl_wrap_socket
    ssl_sock = _ssl_wrap_socket_impl(sock, context, tls_in_tls, server_hostname)
               ^^^^^^^^^^^^^^^^^^^^^^^^^^^^^^^^^^^^^^^^^^^^^^^^^^^^^^^^^^^^^^^^^
  File "/Users/myunghoon/my-stock-scheduler/.venv/lib/python3.12/site-packages/urllib3/util/ssl_.py", line 527, in _ssl_wrap_socket_impl
    return ssl_context.wrap_socket(sock, server_hostname=server_hostname)
           ^^^^^^^^^^^^^^^^^^^^^^^^^^^^^^^^^^^^^^^^^^^^^^^^^^^^^^^^^^^^^^
  File "/opt/homebrew/Cellar/python@3.12/3.12.12_2/Frameworks/Python.framework/Versions/3.12/lib/python3.12/ssl.py", line 455, in wrap_socket
    return self.sslsocket_class._create(
           ^^^^^^^^^^^^^^^^^^^^^^^^^^^^^
  File "/opt/homebrew/Cellar/python@3.12/3.12.12_2/Frameworks/Python.framework/Versions/3.12/lib/python3.12/ssl.py", line 1041, in _create
    self.do_handshake()
  File "/opt/homebrew/Cellar/python@3.12/3.12.12_2/Frameworks/Python.framework/Versions/3.12/lib/python3.12/ssl.py", line 1319, in do_handshake
    self._sslobj.do_handshake()
TimeoutError: _ssl.c:993: The handshake operation timed out

The above exception was the direct cause of the following exception:

Traceback (most recent call last):
  File "/Users/myunghoon/my-stock-scheduler/.venv/lib/python3.12/site-packages/requests/adapters.py", line 644, in send
    resp = conn.urlopen(
           ^^^^^^^^^^^^^
  File "/Users/myunghoon/my-stock-scheduler/.venv/lib/python3.12/site-packages/urllib3/connectionpool.py", line 841, in urlopen
    retries = retries.increment(
              ^^^^^^^^^^^^^^^^^^
  File "/Users/myunghoon/my-stock-scheduler/.venv/lib/python3.12/site-packages/urllib3/util/retry.py", line 490, in increment
    raise reraise(type(error), error, _stacktrace)
          ^^^^^^^^^^^^^^^^^^^^^^^^^^^^^^^^^^^^^^^^
  File "/Users/myunghoon/my-stock-scheduler/.venv/lib/python3.12/site-packages/urllib3/util/util.py", line 39, in reraise
    raise value
  File "/Users/myunghoon/my-stock-scheduler/.venv/lib/python3.12/site-packages/urllib3/connectionpool.py", line 787, in urlopen
    response = self._make_request(
               ^^^^^^^^^^^^^^^^^^^
  File "/Users/myunghoon/my-stock-scheduler/.venv/lib/python3.12/site-packages/urllib3/connectionpool.py", line 488, in _make_request
    raise new_e
  File "/Users/myunghoon/my-stock-scheduler/.venv/lib/python3.12/site-packages/urllib3/connectionpool.py", line 466, in _make_request
    self._raise_timeout(err=e, url=url, timeout_value=conn.timeout)
  File "/Users/myunghoon/my-stock-scheduler/.venv/lib/python3.12/site-packages/urllib3/connectionpool.py", line 367, in _raise_timeout
    raise ReadTimeoutError(
urllib3.exceptions.ReadTimeoutError: HTTPSConnectionPool(host='opendart.fss.or.kr', port=443): Read timed out. (read timeout=60)

During handling of the above exception, another exception occurred:

Traceback (most recent call last):
  File "/Users/myunghoon/my-stock-scheduler/scripts/export_dart_financials_by_account_id.py", line 697, in <module>
    raise SystemExit(main())
                     ^^^^^^
  File "/Users/myunghoon/my-stock-scheduler/scripts/export_dart_financials_by_account_id.py", line 578, in main
    fs_div, rows, error_message = fetch_financial_rows(
                                  ^^^^^^^^^^^^^^^^^^^^^
  File "/Users/myunghoon/my-stock-scheduler/scripts/export_dart_financials_by_account_id.py", line 279, in fetch_financial_rows
    payload = get_json(
              ^^^^^^^^^
  File "/Users/myunghoon/my-stock-scheduler/scripts/export_dart_financials_by_account_id.py", line 140, in get_json
    response = requests.get(f"{DART_API_BASE}/{path}", params=params, timeout=60)
               ^^^^^^^^^^^^^^^^^^^^^^^^^^^^^^^^^^^^^^^^^^^^^^^^^^^^^^^^^^^^^^^^^^
  File "/Users/myunghoon/my-stock-scheduler/.venv/lib/python3.12/site-packages/requests/api.py", line 73, in get
    return request("get", url, params=params, **kwargs)
           ^^^^^^^^^^^^^^^^^^^^^^^^^^^^^^^^^^^^^^^^^^^^
  File "/Users/myunghoon/my-stock-scheduler/.venv/lib/python3.12/site-packages/requests/api.py", line 59, in request
    return session.request(method=method, url=url, **kwargs)
           ^^^^^^^^^^^^^^^^^^^^^^^^^^^^^^^^^^^^^^^^^^^^^^^^^
  File "/Users/myunghoon/my-stock-scheduler/.venv/lib/python3.12/site-packages/requests/sessions.py", line 589, in request
    resp = self.send(prep, **send_kwargs)
           ^^^^^^^^^^^^^^^^^^^^^^^^^^^^^^
  File "/Users/myunghoon/my-stock-scheduler/.venv/lib/python3.12/site-packages/requests/sessions.py", line 703, in send
    r = adapter.send(request, **kwargs)
        ^^^^^^^^^^^^^^^^^^^^^^^^^^^^^^^
  File "/Users/myunghoon/my-stock-scheduler/.venv/lib/python3.12/site-packages/requests/adapters.py", line 690, in send
    raise ReadTimeout(e, request=request)
requests.exceptions.ReadTimeout: HTTPSConnectionPool(host='opendart.fss.or.kr', port=443): Read timed out. (read timeout=60)
Stopped on failure at 2018Q2
